/home/william/WCHAS_UROP_2025/install/project_tools/lib/python3.10/site-packages/project_tools/gazebo_model_subscriber.py
/home/william/WCHAS_UROP_2025/install/project_tools/lib/python3.10/site-packages/project_tools/__init__.py
/home/william/WCHAS_UROP_2025/install/project_tools/lib/python3.10/site-packages/project_tools/initial_pose_set.py
/home/william/WCHAS_UROP_2025/install/project_tools/lib/python3.10/site-packages/project_tools/map_to_odom_tf.py
/home/william/WCHAS_UROP_2025/install/project_tools/lib/python3.10/site-packages/project_tools/__pycache__/gazebo_model_subscriber.cpython-310.pyc
/home/william/WCHAS_UROP_2025/install/project_tools/lib/python3.10/site-packages/project_tools/__pycache__/__init__.cpython-310.pyc
/home/william/WCHAS_UROP_2025/install/project_tools/lib/python3.10/site-packages/project_tools/__pycache__/initial_pose_set.cpython-310.pyc
/home/william/WCHAS_UROP_2025/install/project_tools/lib/python3.10/site-packages/project_tools/__pycache__/map_to_odom_tf.cpython-310.pyc
/home/william/WCHAS_UROP_2025/install/project_tools/share/ament_index/resource_index/packages/project_tools
/home/william/WCHAS_UROP_2025/install/project_tools/share/project_tools/package.xml
/home/william/WCHAS_UROP_2025/install/project_tools/lib/python3.10/site-packages/project_tools-0.0.0-py3.10.egg-info/entry_points.txt
/home/william/WCHAS_UROP_2025/install/project_tools/lib/python3.10/site-packages/project_tools-0.0.0-py3.10.egg-info/requires.txt
/home/william/WCHAS_UROP_2025/install/project_tools/lib/python3.10/site-packages/project_tools-0.0.0-py3.10.egg-info/PKG-INFO
/home/william/WCHAS_UROP_2025/install/project_tools/lib/python3.10/site-packages/project_tools-0.0.0-py3.10.egg-info/zip-safe
/home/william/WCHAS_UROP_2025/install/project_tools/lib/python3.10/site-packages/project_tools-0.0.0-py3.10.egg-info/SOURCES.txt
/home/william/WCHAS_UROP_2025/install/project_tools/lib/python3.10/site-packages/project_tools-0.0.0-py3.10.egg-info/top_level.txt
/home/william/WCHAS_UROP_2025/install/project_tools/lib/python3.10/site-packages/project_tools-0.0.0-py3.10.egg-info/dependency_links.txt
/home/william/WCHAS_UROP_2025/install/project_tools/lib/project_tools/gazebo_model_tracker
/home/william/WCHAS_UROP_2025/install/project_tools/lib/project_tools/initial_pose_setter
/home/william/WCHAS_UROP_2025/install/project_tools/lib/project_tools/map_transformation_node
