running egg_info
creating ../../build/controllers/controllers.egg-info
writing ../../build/controllers/controllers.egg-info/PKG-INFO
writing dependency_links to ../../build/controllers/controllers.egg-info/dependency_links.txt
writing entry points to ../../build/controllers/controllers.egg-info/entry_points.txt
writing requirements to ../../build/controllers/controllers.egg-info/requires.txt
writing top-level names to ../../build/controllers/controllers.egg-info/top_level.txt
writing manifest file '../../build/controllers/controllers.egg-info/SOURCES.txt'
reading manifest file '../../build/controllers/controllers.egg-info/SOURCES.txt'
writing manifest file '../../build/controllers/controllers.egg-info/SOURCES.txt'
running build
running build_py
creating /home/william/WCHAS_UROP_2025/build/controllers/build
creating /home/william/WCHAS_UROP_2025/build/controllers/build/lib
creating /home/william/WCHAS_UROP_2025/build/controllers/build/lib/controllers
copying controllers/mppi_controller.py -> /home/william/WCHAS_UROP_2025/build/controllers/build/lib/controllers
copying controllers/__init__.py -> /home/william/WCHAS_UROP_2025/build/controllers/build/lib/controllers
running install
running install_lib
creating /home/william/WCHAS_UROP_2025/install/controllers/lib/python3.10/site-packages/controllers
copying /home/william/WCHAS_UROP_2025/build/controllers/build/lib/controllers/mppi_controller.py -> /home/william/WCHAS_UROP_2025/install/controllers/lib/python3.10/site-packages/controllers
copying /home/william/WCHAS_UROP_2025/build/controllers/build/lib/controllers/__init__.py -> /home/william/WCHAS_UROP_2025/install/controllers/lib/python3.10/site-packages/controllers
byte-compiling /home/william/WCHAS_UROP_2025/install/controllers/lib/python3.10/site-packages/controllers/mppi_controller.py to mppi_controller.cpython-310.pyc
byte-compiling /home/william/WCHAS_UROP_2025/install/controllers/lib/python3.10/site-packages/controllers/__init__.py to __init__.cpython-310.pyc
running install_data
creating /home/william/WCHAS_UROP_2025/install/controllers/share/ament_index
creating /home/william/WCHAS_UROP_2025/install/controllers/share/ament_index/resource_index
creating /home/william/WCHAS_UROP_2025/install/controllers/share/ament_index/resource_index/packages
copying resource/controllers -> /home/william/WCHAS_UROP_2025/install/controllers/share/ament_index/resource_index/packages
copying package.xml -> /home/william/WCHAS_UROP_2025/install/controllers/share/controllers
running install_egg_info
Copying ../../build/controllers/controllers.egg-info to /home/william/WCHAS_UROP_2025/install/controllers/lib/python3.10/site-packages/controllers-0.0.0-py3.10.egg-info
running install_scripts
Installing mppi_controller script to /home/william/WCHAS_UROP_2025/install/controllers/lib/controllers
writing list of installed files to '/home/william/WCHAS_UROP_2025/build/controllers/install.log'
