[0.941s] Invoking command in '/home/william/WCHAS_UROP_2025/src/controllers': PYTHONPATH=/home/william/WCHAS_UROP_2025/build/controllers/prefix_override:/usr/lib/python3/dist-packages/colcon_core/task/python/colcon_distutils_commands:/home/william/WCHAS_UROP_2025/install/controllers/lib/python3.10/site-packages:${PYTHONPATH} /usr/bin/python3 -W ignore:setup.py install is deprecated -W ignore:easy_install command is deprecated setup.py egg_info --egg-base ../../build/controllers build --build-base /home/william/WCHAS_UROP_2025/build/controllers/build install --record /home/william/WCHAS_UROP_2025/build/controllers/install.log --single-version-externally-managed install_data
[1.126s] running egg_info
[1.126s] creating ../../build/controllers/controllers.egg-info
[1.126s] writing ../../build/controllers/controllers.egg-info/PKG-INFO
[1.126s] writing dependency_links to ../../build/controllers/controllers.egg-info/dependency_links.txt
[1.127s] writing entry points to ../../build/controllers/controllers.egg-info/entry_points.txt
[1.127s] writing requirements to ../../build/controllers/controllers.egg-info/requires.txt
[1.127s] writing top-level names to ../../build/controllers/controllers.egg-info/top_level.txt
[1.127s] writing manifest file '../../build/controllers/controllers.egg-info/SOURCES.txt'
[1.128s] reading manifest file '../../build/controllers/controllers.egg-info/SOURCES.txt'
[1.128s] writing manifest file '../../build/controllers/controllers.egg-info/SOURCES.txt'
[1.128s] running build
[1.128s] running build_py
[1.128s] creating /home/william/WCHAS_UROP_2025/build/controllers/build
[1.129s] creating /home/william/WCHAS_UROP_2025/build/controllers/build/lib
[1.129s] creating /home/william/WCHAS_UROP_2025/build/controllers/build/lib/controllers
[1.129s] copying controllers/mppi_controller.py -> /home/william/WCHAS_UROP_2025/build/controllers/build/lib/controllers
[1.129s] copying controllers/__init__.py -> /home/william/WCHAS_UROP_2025/build/controllers/build/lib/controllers
[1.129s] running install
[1.129s] running install_lib
[1.130s] creating /home/william/WCHAS_UROP_2025/install/controllers/lib/python3.10/site-packages/controllers
[1.130s] copying /home/william/WCHAS_UROP_2025/build/controllers/build/lib/controllers/mppi_controller.py -> /home/william/WCHAS_UROP_2025/install/controllers/lib/python3.10/site-packages/controllers
[1.130s] copying /home/william/WCHAS_UROP_2025/build/controllers/build/lib/controllers/__init__.py -> /home/william/WCHAS_UROP_2025/install/controllers/lib/python3.10/site-packages/controllers
[1.130s] byte-compiling /home/william/WCHAS_UROP_2025/install/controllers/lib/python3.10/site-packages/controllers/mppi_controller.py to mppi_controller.cpython-310.pyc
[1.133s] byte-compiling /home/william/WCHAS_UROP_2025/install/controllers/lib/python3.10/site-packages/controllers/__init__.py to __init__.cpython-310.pyc
[1.133s] running install_data
[1.134s] creating /home/william/WCHAS_UROP_2025/install/controllers/share/ament_index
[1.134s] creating /home/william/WCHAS_UROP_2025/install/controllers/share/ament_index/resource_index
[1.134s] creating /home/william/WCHAS_UROP_2025/install/controllers/share/ament_index/resource_index/packages
[1.134s] copying resource/controllers -> /home/william/WCHAS_UROP_2025/install/controllers/share/ament_index/resource_index/packages
[1.134s] copying package.xml -> /home/william/WCHAS_UROP_2025/install/controllers/share/controllers
[1.135s] running install_egg_info
[1.136s] Copying ../../build/controllers/controllers.egg-info to /home/william/WCHAS_UROP_2025/install/controllers/lib/python3.10/site-packages/controllers-0.0.0-py3.10.egg-info
[1.136s] running install_scripts
[1.154s] Installing mppi_controller script to /home/william/WCHAS_UROP_2025/install/controllers/lib/controllers
[1.154s] writing list of installed files to '/home/william/WCHAS_UROP_2025/build/controllers/install.log'
[1.175s] Invoked command in '/home/william/WCHAS_UROP_2025/src/controllers' returned '0': PYTHONPATH=/home/william/WCHAS_UROP_2025/build/controllers/prefix_override:/usr/lib/python3/dist-packages/colcon_core/task/python/colcon_distutils_commands:/home/william/WCHAS_UROP_2025/install/controllers/lib/python3.10/site-packages:${PYTHONPATH} /usr/bin/python3 -W ignore:setup.py install is deprecated -W ignore:easy_install command is deprecated setup.py egg_info --egg-base ../../build/controllers build --build-base /home/william/WCHAS_UROP_2025/build/controllers/build install --record /home/william/WCHAS_UROP_2025/build/controllers/install.log --single-version-externally-managed install_data
