running egg_info
creating ../../build/project_tools/project_tools.egg-info
writing ../../build/project_tools/project_tools.egg-info/PKG-INFO
writing dependency_links to ../../build/project_tools/project_tools.egg-info/dependency_links.txt
writing entry points to ../../build/project_tools/project_tools.egg-info/entry_points.txt
writing requirements to ../../build/project_tools/project_tools.egg-info/requires.txt
writing top-level names to ../../build/project_tools/project_tools.egg-info/top_level.txt
writing manifest file '../../build/project_tools/project_tools.egg-info/SOURCES.txt'
reading manifest file '../../build/project_tools/project_tools.egg-info/SOURCES.txt'
writing manifest file '../../build/project_tools/project_tools.egg-info/SOURCES.txt'
running build
running build_py
creating /home/william/WCHAS_UROP_2025/build/project_tools/build
creating /home/william/WCHAS_UROP_2025/build/project_tools/build/lib
creating /home/william/WCHAS_UROP_2025/build/project_tools/build/lib/project_tools
copying project_tools/gazebo_model_subscriber.py -> /home/william/WCHAS_UROP_2025/build/project_tools/build/lib/project_tools
copying project_tools/__init__.py -> /home/william/WCHAS_UROP_2025/build/project_tools/build/lib/project_tools
copying project_tools/initial_pose_set.py -> /home/william/WCHAS_UROP_2025/build/project_tools/build/lib/project_tools
copying project_tools/map_to_odom_tf.py -> /home/william/WCHAS_UROP_2025/build/project_tools/build/lib/project_tools
running install
running install_lib
creating /home/william/WCHAS_UROP_2025/install/project_tools/lib/python3.10/site-packages/project_tools
copying /home/william/WCHAS_UROP_2025/build/project_tools/build/lib/project_tools/gazebo_model_subscriber.py -> /home/william/WCHAS_UROP_2025/install/project_tools/lib/python3.10/site-packages/project_tools
copying /home/william/WCHAS_UROP_2025/build/project_tools/build/lib/project_tools/__init__.py -> /home/william/WCHAS_UROP_2025/install/project_tools/lib/python3.10/site-packages/project_tools
copying /home/william/WCHAS_UROP_2025/build/project_tools/build/lib/project_tools/initial_pose_set.py -> /home/william/WCHAS_UROP_2025/install/project_tools/lib/python3.10/site-packages/project_tools
copying /home/william/WCHAS_UROP_2025/build/project_tools/build/lib/project_tools/map_to_odom_tf.py -> /home/william/WCHAS_UROP_2025/install/project_tools/lib/python3.10/site-packages/project_tools
byte-compiling /home/william/WCHAS_UROP_2025/install/project_tools/lib/python3.10/site-packages/project_tools/gazebo_model_subscriber.py to gazebo_model_subscriber.cpython-310.pyc
byte-compiling /home/william/WCHAS_UROP_2025/install/project_tools/lib/python3.10/site-packages/project_tools/__init__.py to __init__.cpython-310.pyc
byte-compiling /home/william/WCHAS_UROP_2025/install/project_tools/lib/python3.10/site-packages/project_tools/initial_pose_set.py to initial_pose_set.cpython-310.pyc
byte-compiling /home/william/WCHAS_UROP_2025/install/project_tools/lib/python3.10/site-packages/project_tools/map_to_odom_tf.py to map_to_odom_tf.cpython-310.pyc
running install_data
creating /home/william/WCHAS_UROP_2025/install/project_tools/share/ament_index
creating /home/william/WCHAS_UROP_2025/install/project_tools/share/ament_index/resource_index
creating /home/william/WCHAS_UROP_2025/install/project_tools/share/ament_index/resource_index/packages
copying resource/project_tools -> /home/william/WCHAS_UROP_2025/install/project_tools/share/ament_index/resource_index/packages
copying package.xml -> /home/william/WCHAS_UROP_2025/install/project_tools/share/project_tools
running install_egg_info
Copying ../../build/project_tools/project_tools.egg-info to /home/william/WCHAS_UROP_2025/install/project_tools/lib/python3.10/site-packages/project_tools-0.0.0-py3.10.egg-info
running install_scripts
Installing gazebo_model_tracker script to /home/william/WCHAS_UROP_2025/install/project_tools/lib/project_tools
Installing initial_pose_setter script to /home/william/WCHAS_UROP_2025/install/project_tools/lib/project_tools
writing list of installed files to '/home/william/WCHAS_UROP_2025/build/project_tools/install.log'
