[0.937s] Invoking command in '/home/william/WCHAS_UROP_2025/src/project_tools': PYTHONPATH=/home/william/WCHAS_UROP_2025/build/project_tools/prefix_override:/usr/lib/python3/dist-packages/colcon_core/task/python/colcon_distutils_commands:/home/william/WCHAS_UROP_2025/install/project_tools/lib/python3.10/site-packages:${PYTHONPATH} /usr/bin/python3 -W ignore:setup.py install is deprecated -W ignore:easy_install command is deprecated setup.py egg_info --egg-base ../../build/project_tools build --build-base /home/william/WCHAS_UROP_2025/build/project_tools/build install --record /home/william/WCHAS_UROP_2025/build/project_tools/install.log --single-version-externally-managed install_data
[1.128s] running egg_info
[1.129s] creating ../../build/project_tools/project_tools.egg-info
[1.129s] writing ../../build/project_tools/project_tools.egg-info/PKG-INFO
[1.129s] writing dependency_links to ../../build/project_tools/project_tools.egg-info/dependency_links.txt
[1.129s] writing entry points to ../../build/project_tools/project_tools.egg-info/entry_points.txt
[1.129s] writing requirements to ../../build/project_tools/project_tools.egg-info/requires.txt
[1.130s] writing top-level names to ../../build/project_tools/project_tools.egg-info/top_level.txt
[1.130s] writing manifest file '../../build/project_tools/project_tools.egg-info/SOURCES.txt'
[1.131s] reading manifest file '../../build/project_tools/project_tools.egg-info/SOURCES.txt'
[1.132s] writing manifest file '../../build/project_tools/project_tools.egg-info/SOURCES.txt'
[1.133s] running build
[1.133s] running build_py
[1.133s] creating /home/william/WCHAS_UROP_2025/build/project_tools/build
[1.133s] creating /home/william/WCHAS_UROP_2025/build/project_tools/build/lib
[1.133s] creating /home/william/WCHAS_UROP_2025/build/project_tools/build/lib/project_tools
[1.133s] copying project_tools/gazebo_model_subscriber.py -> /home/william/WCHAS_UROP_2025/build/project_tools/build/lib/project_tools
[1.133s] copying project_tools/__init__.py -> /home/william/WCHAS_UROP_2025/build/project_tools/build/lib/project_tools
[1.133s] copying project_tools/initial_pose_set.py -> /home/william/WCHAS_UROP_2025/build/project_tools/build/lib/project_tools
[1.133s] copying project_tools/map_to_odom_tf.py -> /home/william/WCHAS_UROP_2025/build/project_tools/build/lib/project_tools
[1.134s] running install
[1.134s] running install_lib
[1.134s] creating /home/william/WCHAS_UROP_2025/install/project_tools/lib/python3.10/site-packages/project_tools
[1.134s] copying /home/william/WCHAS_UROP_2025/build/project_tools/build/lib/project_tools/gazebo_model_subscriber.py -> /home/william/WCHAS_UROP_2025/install/project_tools/lib/python3.10/site-packages/project_tools
[1.134s] copying /home/william/WCHAS_UROP_2025/build/project_tools/build/lib/project_tools/__init__.py -> /home/william/WCHAS_UROP_2025/install/project_tools/lib/python3.10/site-packages/project_tools
[1.134s] copying /home/william/WCHAS_UROP_2025/build/project_tools/build/lib/project_tools/initial_pose_set.py -> /home/william/WCHAS_UROP_2025/install/project_tools/lib/python3.10/site-packages/project_tools
[1.134s] copying /home/william/WCHAS_UROP_2025/build/project_tools/build/lib/project_tools/map_to_odom_tf.py -> /home/william/WCHAS_UROP_2025/install/project_tools/lib/python3.10/site-packages/project_tools
[1.135s] byte-compiling /home/william/WCHAS_UROP_2025/install/project_tools/lib/python3.10/site-packages/project_tools/gazebo_model_subscriber.py to gazebo_model_subscriber.cpython-310.pyc
[1.135s] byte-compiling /home/william/WCHAS_UROP_2025/install/project_tools/lib/python3.10/site-packages/project_tools/__init__.py to __init__.cpython-310.pyc
[1.135s] byte-compiling /home/william/WCHAS_UROP_2025/install/project_tools/lib/python3.10/site-packages/project_tools/initial_pose_set.py to initial_pose_set.cpython-310.pyc
[1.136s] byte-compiling /home/william/WCHAS_UROP_2025/install/project_tools/lib/python3.10/site-packages/project_tools/map_to_odom_tf.py to map_to_odom_tf.cpython-310.pyc
[1.136s] running install_data
[1.136s] creating /home/william/WCHAS_UROP_2025/install/project_tools/share/ament_index
[1.136s] creating /home/william/WCHAS_UROP_2025/install/project_tools/share/ament_index/resource_index
[1.137s] creating /home/william/WCHAS_UROP_2025/install/project_tools/share/ament_index/resource_index/packages
[1.137s] copying resource/project_tools -> /home/william/WCHAS_UROP_2025/install/project_tools/share/ament_index/resource_index/packages
[1.137s] copying package.xml -> /home/william/WCHAS_UROP_2025/install/project_tools/share/project_tools
[1.137s] running install_egg_info
[1.138s] Copying ../../build/project_tools/project_tools.egg-info to /home/william/WCHAS_UROP_2025/install/project_tools/lib/python3.10/site-packages/project_tools-0.0.0-py3.10.egg-info
[1.139s] running install_scripts
[1.156s] Installing gazebo_model_tracker script to /home/william/WCHAS_UROP_2025/install/project_tools/lib/project_tools
[1.156s] Installing initial_pose_setter script to /home/william/WCHAS_UROP_2025/install/project_tools/lib/project_tools
[1.156s] writing list of installed files to '/home/william/WCHAS_UROP_2025/build/project_tools/install.log'
[1.187s] Invoked command in '/home/william/WCHAS_UROP_2025/src/project_tools' returned '0': PYTHONPATH=/home/william/WCHAS_UROP_2025/build/project_tools/prefix_override:/usr/lib/python3/dist-packages/colcon_core/task/python/colcon_distutils_commands:/home/william/WCHAS_UROP_2025/install/project_tools/lib/python3.10/site-packages:${PYTHONPATH} /usr/bin/python3 -W ignore:setup.py install is deprecated -W ignore:easy_install command is deprecated setup.py egg_info --egg-base ../../build/project_tools build --build-base /home/william/WCHAS_UROP_2025/build/project_tools/build install --record /home/william/WCHAS_UROP_2025/build/project_tools/install.log --single-version-externally-managed install_data
