[0.065s] DEBUG:colcon:Command line arguments: ['/usr/bin/colcon', 'build']
[0.065s] DEBUG:colcon:Parsed command line arguments: Namespace(log_base=None, log_level=None, verb_name='build', build_base='build', install_base='install', merge_install=False, symlink_install=False, test_result_base=None, continue_on_error=False, executor='parallel', parallel_workers=16, event_handlers=None, ignore_user_meta=False, metas=['./colcon.meta'], base_paths=['.'], packages_ignore=None, packages_ignore_regex=None, paths=None, packages_up_to=None, packages_up_to_regex=None, packages_above=None, packages_above_and_dependencies=None, packages_above_depth=None, packages_select_by_dep=None, packages_skip_by_dep=None, packages_skip_up_to=None, packages_select_build_failed=False, packages_skip_build_finished=False, packages_select_test_failures=False, packages_skip_test_passed=False, packages_select=None, packages_skip=None, packages_select_regex=None, packages_skip_regex=None, packages_start=None, packages_end=None, allow_overriding=[], cmake_args=None, cmake_target=None, cmake_target_skip_unavailable=False, cmake_clean_cache=False, cmake_clean_first=False, cmake_force_configure=False, ament_cmake_args=None, catkin_cmake_args=None, catkin_skip_building_tests=False, mixin_files=None, mixin=None, verb_parser=<colcon_mixin.mixin.mixin_argument.MixinArgumentDecorator object at 0x718d2804edd0>, verb_extension=<colcon_core.verb.build.BuildVerb object at 0x718d2814bd30>, main=<bound method BuildVerb.main of <colcon_core.verb.build.BuildVerb object at 0x718d2814bd30>>, mixin_verb=('build',))
[0.162s] Level 1:colcon.colcon_core.package_discovery:discover_packages(colcon_meta) check parameters
[0.163s] Level 1:colcon.colcon_core.package_discovery:discover_packages(recursive) check parameters
[0.163s] Level 1:colcon.colcon_core.package_discovery:discover_packages(ignore) check parameters
[0.163s] Level 1:colcon.colcon_core.package_discovery:discover_packages(path) check parameters
[0.163s] Level 1:colcon.colcon_core.package_discovery:discover_packages(colcon_meta) discover
[0.163s] Level 1:colcon.colcon_core.package_discovery:discover_packages(recursive) discover
[0.163s] INFO:colcon.colcon_core.package_discovery:Crawling recursively for packages in '/home/william/WCHAS_UROP_2025'
[0.163s] Level 1:colcon.colcon_core.package_identification:_identify(.) by extensions ['ignore', 'ignore_ament_install']
[0.163s] Level 1:colcon.colcon_core.package_identification:_identify(.) by extension 'ignore'
[0.163s] Level 1:colcon.colcon_core.package_identification:_identify(.) by extension 'ignore_ament_install'
[0.163s] Level 1:colcon.colcon_core.package_identification:_identify(.) by extensions ['colcon_pkg']
[0.163s] Level 1:colcon.colcon_core.package_identification:_identify(.) by extension 'colcon_pkg'
[0.163s] Level 1:colcon.colcon_core.package_identification:_identify(.) by extensions ['colcon_meta']
[0.163s] Level 1:colcon.colcon_core.package_identification:_identify(.) by extension 'colcon_meta'
[0.163s] Level 1:colcon.colcon_core.package_identification:_identify(.) by extensions ['ros']
[0.163s] Level 1:colcon.colcon_core.package_identification:_identify(.) by extension 'ros'
[0.170s] Level 1:colcon.colcon_core.package_identification:_identify(.) by extensions ['cmake', 'python']
[0.170s] Level 1:colcon.colcon_core.package_identification:_identify(.) by extension 'cmake'
[0.170s] Level 1:colcon.colcon_core.package_identification:_identify(.) by extension 'python'
[0.170s] Level 1:colcon.colcon_core.package_identification:_identify(.) by extensions ['python_setup_py']
[0.170s] Level 1:colcon.colcon_core.package_identification:_identify(.) by extension 'python_setup_py'
[0.170s] Level 1:colcon.colcon_core.package_identification:_identify(build) by extensions ['ignore', 'ignore_ament_install']
[0.170s] Level 1:colcon.colcon_core.package_identification:_identify(build) by extension 'ignore'
[0.170s] Level 1:colcon.colcon_core.package_identification:_identify(build) ignored
[0.170s] Level 1:colcon.colcon_core.package_identification:_identify(config) by extensions ['ignore', 'ignore_ament_install']
[0.170s] Level 1:colcon.colcon_core.package_identification:_identify(config) by extension 'ignore'
[0.170s] Level 1:colcon.colcon_core.package_identification:_identify(config) by extension 'ignore_ament_install'
[0.170s] Level 1:colcon.colcon_core.package_identification:_identify(config) by extensions ['colcon_pkg']
[0.170s] Level 1:colcon.colcon_core.package_identification:_identify(config) by extension 'colcon_pkg'
[0.170s] Level 1:colcon.colcon_core.package_identification:_identify(config) by extensions ['colcon_meta']
[0.170s] Level 1:colcon.colcon_core.package_identification:_identify(config) by extension 'colcon_meta'
[0.170s] Level 1:colcon.colcon_core.package_identification:_identify(config) by extensions ['ros']
[0.170s] Level 1:colcon.colcon_core.package_identification:_identify(config) by extension 'ros'
[0.170s] Level 1:colcon.colcon_core.package_identification:_identify(config) by extensions ['cmake', 'python']
[0.170s] Level 1:colcon.colcon_core.package_identification:_identify(config) by extension 'cmake'
[0.170s] Level 1:colcon.colcon_core.package_identification:_identify(config) by extension 'python'
[0.170s] Level 1:colcon.colcon_core.package_identification:_identify(config) by extensions ['python_setup_py']
[0.170s] Level 1:colcon.colcon_core.package_identification:_identify(config) by extension 'python_setup_py'
[0.170s] Level 1:colcon.colcon_core.package_identification:_identify(install) by extensions ['ignore', 'ignore_ament_install']
[0.170s] Level 1:colcon.colcon_core.package_identification:_identify(install) by extension 'ignore'
[0.170s] Level 1:colcon.colcon_core.package_identification:_identify(install) ignored
[0.170s] Level 1:colcon.colcon_core.package_identification:_identify(log) by extensions ['ignore', 'ignore_ament_install']
[0.170s] Level 1:colcon.colcon_core.package_identification:_identify(log) by extension 'ignore'
[0.170s] Level 1:colcon.colcon_core.package_identification:_identify(log) ignored
[0.170s] Level 1:colcon.colcon_core.package_identification:_identify(src) by extensions ['ignore', 'ignore_ament_install']
[0.170s] Level 1:colcon.colcon_core.package_identification:_identify(src) by extension 'ignore'
[0.170s] Level 1:colcon.colcon_core.package_identification:_identify(src) by extension 'ignore_ament_install'
[0.171s] Level 1:colcon.colcon_core.package_identification:_identify(src) by extensions ['colcon_pkg']
[0.171s] Level 1:colcon.colcon_core.package_identification:_identify(src) by extension 'colcon_pkg'
[0.171s] Level 1:colcon.colcon_core.package_identification:_identify(src) by extensions ['colcon_meta']
[0.171s] Level 1:colcon.colcon_core.package_identification:_identify(src) by extension 'colcon_meta'
[0.171s] Level 1:colcon.colcon_core.package_identification:_identify(src) by extensions ['ros']
[0.171s] Level 1:colcon.colcon_core.package_identification:_identify(src) by extension 'ros'
[0.171s] Level 1:colcon.colcon_core.package_identification:_identify(src) by extensions ['cmake', 'python']
[0.171s] Level 1:colcon.colcon_core.package_identification:_identify(src) by extension 'cmake'
[0.171s] Level 1:colcon.colcon_core.package_identification:_identify(src) by extension 'python'
[0.171s] Level 1:colcon.colcon_core.package_identification:_identify(src) by extensions ['python_setup_py']
[0.171s] Level 1:colcon.colcon_core.package_identification:_identify(src) by extension 'python_setup_py'
[0.171s] Level 1:colcon.colcon_core.package_identification:_identify(src/controllers) by extensions ['ignore', 'ignore_ament_install']
[0.171s] Level 1:colcon.colcon_core.package_identification:_identify(src/controllers) by extension 'ignore'
[0.171s] Level 1:colcon.colcon_core.package_identification:_identify(src/controllers) by extension 'ignore_ament_install'
[0.171s] Level 1:colcon.colcon_core.package_identification:_identify(src/controllers) by extensions ['colcon_pkg']
[0.171s] Level 1:colcon.colcon_core.package_identification:_identify(src/controllers) by extension 'colcon_pkg'
[0.171s] Level 1:colcon.colcon_core.package_identification:_identify(src/controllers) by extensions ['colcon_meta']
[0.171s] Level 1:colcon.colcon_core.package_identification:_identify(src/controllers) by extension 'colcon_meta'
[0.171s] Level 1:colcon.colcon_core.package_identification:_identify(src/controllers) by extensions ['ros']
[0.171s] Level 1:colcon.colcon_core.package_identification:_identify(src/controllers) by extension 'ros'
[0.172s] DEBUG:colcon.colcon_core.package_identification:Package 'src/controllers' with type 'ros.ament_python' and name 'controllers'
[0.172s] Level 1:colcon.colcon_core.package_identification:_identify(src/particle_filter) by extensions ['ignore', 'ignore_ament_install']
[0.172s] Level 1:colcon.colcon_core.package_identification:_identify(src/particle_filter) by extension 'ignore'
[0.173s] Level 1:colcon.colcon_core.package_identification:_identify(src/particle_filter) by extension 'ignore_ament_install'
[0.173s] Level 1:colcon.colcon_core.package_identification:_identify(src/particle_filter) by extensions ['colcon_pkg']
[0.173s] Level 1:colcon.colcon_core.package_identification:_identify(src/particle_filter) by extension 'colcon_pkg'
[0.173s] Level 1:colcon.colcon_core.package_identification:_identify(src/particle_filter) by extensions ['colcon_meta']
[0.173s] Level 1:colcon.colcon_core.package_identification:_identify(src/particle_filter) by extension 'colcon_meta'
[0.173s] Level 1:colcon.colcon_core.package_identification:_identify(src/particle_filter) by extensions ['ros']
[0.173s] Level 1:colcon.colcon_core.package_identification:_identify(src/particle_filter) by extension 'ros'
[0.173s] DEBUG:colcon.colcon_core.package_identification:Package 'src/particle_filter' with type 'ros.ament_python' and name 'particle_filter'
[0.173s] Level 1:colcon.colcon_core.package_identification:_identify(src/project_tools) by extensions ['ignore', 'ignore_ament_install']
[0.173s] Level 1:colcon.colcon_core.package_identification:_identify(src/project_tools) by extension 'ignore'
[0.173s] Level 1:colcon.colcon_core.package_identification:_identify(src/project_tools) by extension 'ignore_ament_install'
[0.173s] Level 1:colcon.colcon_core.package_identification:_identify(src/project_tools) by extensions ['colcon_pkg']
[0.173s] Level 1:colcon.colcon_core.package_identification:_identify(src/project_tools) by extension 'colcon_pkg'
[0.173s] Level 1:colcon.colcon_core.package_identification:_identify(src/project_tools) by extensions ['colcon_meta']
[0.173s] Level 1:colcon.colcon_core.package_identification:_identify(src/project_tools) by extension 'colcon_meta'
[0.173s] Level 1:colcon.colcon_core.package_identification:_identify(src/project_tools) by extensions ['ros']
[0.173s] Level 1:colcon.colcon_core.package_identification:_identify(src/project_tools) by extension 'ros'
[0.173s] DEBUG:colcon.colcon_core.package_identification:Package 'src/project_tools' with type 'ros.ament_python' and name 'project_tools'
[0.174s] Level 1:colcon.colcon_core.package_identification:_identify(src/world_launching) by extensions ['ignore', 'ignore_ament_install']
[0.174s] Level 1:colcon.colcon_core.package_identification:_identify(src/world_launching) by extension 'ignore'
[0.174s] Level 1:colcon.colcon_core.package_identification:_identify(src/world_launching) by extension 'ignore_ament_install'
[0.174s] Level 1:colcon.colcon_core.package_identification:_identify(src/world_launching) by extensions ['colcon_pkg']
[0.174s] Level 1:colcon.colcon_core.package_identification:_identify(src/world_launching) by extension 'colcon_pkg'
[0.174s] Level 1:colcon.colcon_core.package_identification:_identify(src/world_launching) by extensions ['colcon_meta']
[0.174s] Level 1:colcon.colcon_core.package_identification:_identify(src/world_launching) by extension 'colcon_meta'
[0.174s] Level 1:colcon.colcon_core.package_identification:_identify(src/world_launching) by extensions ['ros']
[0.174s] Level 1:colcon.colcon_core.package_identification:_identify(src/world_launching) by extension 'ros'
[0.174s] DEBUG:colcon.colcon_core.package_identification:Package 'src/world_launching' with type 'ros.ament_python' and name 'world_launching'
[0.174s] Level 1:colcon.colcon_core.package_discovery:discover_packages(recursive) using defaults
[0.174s] Level 1:colcon.colcon_core.package_discovery:discover_packages(ignore) discover
[0.174s] Level 1:colcon.colcon_core.package_discovery:discover_packages(ignore) using defaults
[0.174s] Level 1:colcon.colcon_core.package_discovery:discover_packages(path) discover
[0.174s] Level 1:colcon.colcon_core.package_discovery:discover_packages(path) using defaults
[0.191s] Level 1:colcon.colcon_core.package_discovery:discover_packages(prefix_path) check parameters
[0.191s] Level 1:colcon.colcon_core.package_discovery:discover_packages(prefix_path) discover
[0.192s] WARNING:colcon.colcon_ros.prefix_path.ament:The path '/home/william/WCHAS_UROP_2025/install/world_launching' in the environment variable AMENT_PREFIX_PATH doesn't exist
[0.192s] WARNING:colcon.colcon_ros.prefix_path.ament:The path '/home/william/WCHAS_UROP_2025/install/project_tools' in the environment variable AMENT_PREFIX_PATH doesn't exist
[0.192s] WARNING:colcon.colcon_ros.prefix_path.ament:The path '/home/william/WCHAS_UROP_2025/install/particle_filter' in the environment variable AMENT_PREFIX_PATH doesn't exist
[0.192s] WARNING:colcon.colcon_ros.prefix_path.ament:The path '/home/william/WCHAS_UROP_2025/install/controllers' in the environment variable AMENT_PREFIX_PATH doesn't exist
[0.192s] DEBUG:colcon.colcon_installed_package_information.package_discovery:Found 0 installed packages in /home/william/WCHAS_UROP_2025/install
[0.193s] DEBUG:colcon.colcon_installed_package_information.package_discovery:Found 376 installed packages in /opt/ros/humble
[0.194s] Level 1:colcon.colcon_core.package_discovery:discover_packages(prefix_path) using defaults
[0.223s] Level 5:colcon.colcon_core.verb:set package 'controllers' build argument 'cmake_args' from command line to 'None'
[0.223s] Level 5:colcon.colcon_core.verb:set package 'controllers' build argument 'cmake_target' from command line to 'None'
[0.223s] Level 5:colcon.colcon_core.verb:set package 'controllers' build argument 'cmake_target_skip_unavailable' from command line to 'False'
[0.223s] Level 5:colcon.colcon_core.verb:set package 'controllers' build argument 'cmake_clean_cache' from command line to 'False'
[0.223s] Level 5:colcon.colcon_core.verb:set package 'controllers' build argument 'cmake_clean_first' from command line to 'False'
[0.223s] Level 5:colcon.colcon_core.verb:set package 'controllers' build argument 'cmake_force_configure' from command line to 'False'
[0.223s] Level 5:colcon.colcon_core.verb:set package 'controllers' build argument 'ament_cmake_args' from command line to 'None'
[0.223s] Level 5:colcon.colcon_core.verb:set package 'controllers' build argument 'catkin_cmake_args' from command line to 'None'
[0.223s] Level 5:colcon.colcon_core.verb:set package 'controllers' build argument 'catkin_skip_building_tests' from command line to 'False'
[0.223s] DEBUG:colcon.colcon_core.verb:Building package 'controllers' with the following arguments: {'ament_cmake_args': None, 'build_base': '/home/william/WCHAS_UROP_2025/build/controllers', 'catkin_cmake_args': None, 'catkin_skip_building_tests': False, 'cmake_args': None, 'cmake_clean_cache': False, 'cmake_clean_first': False, 'cmake_force_configure': False, 'cmake_target': None, 'cmake_target_skip_unavailable': False, 'install_base': '/home/william/WCHAS_UROP_2025/install/controllers', 'merge_install': False, 'path': '/home/william/WCHAS_UROP_2025/src/controllers', 'symlink_install': False, 'test_result_base': None}
[0.223s] Level 5:colcon.colcon_core.verb:set package 'particle_filter' build argument 'cmake_args' from command line to 'None'
[0.223s] Level 5:colcon.colcon_core.verb:set package 'particle_filter' build argument 'cmake_target' from command line to 'None'
[0.223s] Level 5:colcon.colcon_core.verb:set package 'particle_filter' build argument 'cmake_target_skip_unavailable' from command line to 'False'
[0.223s] Level 5:colcon.colcon_core.verb:set package 'particle_filter' build argument 'cmake_clean_cache' from command line to 'False'
[0.223s] Level 5:colcon.colcon_core.verb:set package 'particle_filter' build argument 'cmake_clean_first' from command line to 'False'
[0.223s] Level 5:colcon.colcon_core.verb:set package 'particle_filter' build argument 'cmake_force_configure' from command line to 'False'
[0.223s] Level 5:colcon.colcon_core.verb:set package 'particle_filter' build argument 'ament_cmake_args' from command line to 'None'
[0.223s] Level 5:colcon.colcon_core.verb:set package 'particle_filter' build argument 'catkin_cmake_args' from command line to 'None'
[0.223s] Level 5:colcon.colcon_core.verb:set package 'particle_filter' build argument 'catkin_skip_building_tests' from command line to 'False'
[0.223s] DEBUG:colcon.colcon_core.verb:Building package 'particle_filter' with the following arguments: {'ament_cmake_args': None, 'build_base': '/home/william/WCHAS_UROP_2025/build/particle_filter', 'catkin_cmake_args': None, 'catkin_skip_building_tests': False, 'cmake_args': None, 'cmake_clean_cache': False, 'cmake_clean_first': False, 'cmake_force_configure': False, 'cmake_target': None, 'cmake_target_skip_unavailable': False, 'install_base': '/home/william/WCHAS_UROP_2025/install/particle_filter', 'merge_install': False, 'path': '/home/william/WCHAS_UROP_2025/src/particle_filter', 'symlink_install': False, 'test_result_base': None}
[0.224s] Level 5:colcon.colcon_core.verb:set package 'project_tools' build argument 'cmake_args' from command line to 'None'
[0.224s] Level 5:colcon.colcon_core.verb:set package 'project_tools' build argument 'cmake_target' from command line to 'None'
[0.224s] Level 5:colcon.colcon_core.verb:set package 'project_tools' build argument 'cmake_target_skip_unavailable' from command line to 'False'
[0.224s] Level 5:colcon.colcon_core.verb:set package 'project_tools' build argument 'cmake_clean_cache' from command line to 'False'
[0.224s] Level 5:colcon.colcon_core.verb:set package 'project_tools' build argument 'cmake_clean_first' from command line to 'False'
[0.224s] Level 5:colcon.colcon_core.verb:set package 'project_tools' build argument 'cmake_force_configure' from command line to 'False'
[0.224s] Level 5:colcon.colcon_core.verb:set package 'project_tools' build argument 'ament_cmake_args' from command line to 'None'
[0.224s] Level 5:colcon.colcon_core.verb:set package 'project_tools' build argument 'catkin_cmake_args' from command line to 'None'
[0.224s] Level 5:colcon.colcon_core.verb:set package 'project_tools' build argument 'catkin_skip_building_tests' from command line to 'False'
[0.224s] DEBUG:colcon.colcon_core.verb:Building package 'project_tools' with the following arguments: {'ament_cmake_args': None, 'build_base': '/home/william/WCHAS_UROP_2025/build/project_tools', 'catkin_cmake_args': None, 'catkin_skip_building_tests': False, 'cmake_args': None, 'cmake_clean_cache': False, 'cmake_clean_first': False, 'cmake_force_configure': False, 'cmake_target': None, 'cmake_target_skip_unavailable': False, 'install_base': '/home/william/WCHAS_UROP_2025/install/project_tools', 'merge_install': False, 'path': '/home/william/WCHAS_UROP_2025/src/project_tools', 'symlink_install': False, 'test_result_base': None}
[0.224s] Level 5:colcon.colcon_core.verb:set package 'world_launching' build argument 'cmake_args' from command line to 'None'
[0.224s] Level 5:colcon.colcon_core.verb:set package 'world_launching' build argument 'cmake_target' from command line to 'None'
[0.224s] Level 5:colcon.colcon_core.verb:set package 'world_launching' build argument 'cmake_target_skip_unavailable' from command line to 'False'
[0.224s] Level 5:colcon.colcon_core.verb:set package 'world_launching' build argument 'cmake_clean_cache' from command line to 'False'
[0.224s] Level 5:colcon.colcon_core.verb:set package 'world_launching' build argument 'cmake_clean_first' from command line to 'False'
[0.224s] Level 5:colcon.colcon_core.verb:set package 'world_launching' build argument 'cmake_force_configure' from command line to 'False'
[0.224s] Level 5:colcon.colcon_core.verb:set package 'world_launching' build argument 'ament_cmake_args' from command line to 'None'
[0.224s] Level 5:colcon.colcon_core.verb:set package 'world_launching' build argument 'catkin_cmake_args' from command line to 'None'
[0.224s] Level 5:colcon.colcon_core.verb:set package 'world_launching' build argument 'catkin_skip_building_tests' from command line to 'False'
[0.224s] DEBUG:colcon.colcon_core.verb:Building package 'world_launching' with the following arguments: {'ament_cmake_args': None, 'build_base': '/home/william/WCHAS_UROP_2025/build/world_launching', 'catkin_cmake_args': None, 'catkin_skip_building_tests': False, 'cmake_args': None, 'cmake_clean_cache': False, 'cmake_clean_first': False, 'cmake_force_configure': False, 'cmake_target': None, 'cmake_target_skip_unavailable': False, 'install_base': '/home/william/WCHAS_UROP_2025/install/world_launching', 'merge_install': False, 'path': '/home/william/WCHAS_UROP_2025/src/world_launching', 'symlink_install': False, 'test_result_base': None}
[0.224s] INFO:colcon.colcon_core.executor:Executing jobs using 'parallel' executor
[0.225s] DEBUG:colcon.colcon_parallel_executor.executor.parallel:run_until_complete
[0.225s] INFO:colcon.colcon_ros.task.ament_python.build:Building ROS package in '/home/william/WCHAS_UROP_2025/src/controllers' with build type 'ament_python'
[0.226s] Level 1:colcon.colcon_core.shell:create_environment_hook('controllers', 'ament_prefix_path')
[0.227s] INFO:colcon.colcon_core.plugin_system:Skipping extension 'colcon_core.shell.bat': Not used on non-Windows systems
[0.227s] INFO:colcon.colcon_core.shell:Creating environment hook '/home/william/WCHAS_UROP_2025/install/controllers/share/controllers/hook/ament_prefix_path.ps1'
[0.228s] INFO:colcon.colcon_core.shell:Creating environment descriptor '/home/william/WCHAS_UROP_2025/install/controllers/share/controllers/hook/ament_prefix_path.dsv'
[0.228s] INFO:colcon.colcon_core.shell:Creating environment hook '/home/william/WCHAS_UROP_2025/install/controllers/share/controllers/hook/ament_prefix_path.sh'
[0.228s] INFO:colcon.colcon_core.shell:Skip shell extension 'powershell' for command environment: Not usable outside of PowerShell
[0.228s] DEBUG:colcon.colcon_core.shell:Skip shell extension 'dsv' for command environment
[0.231s] INFO:colcon.colcon_ros.task.ament_python.build:Building ROS package in '/home/william/WCHAS_UROP_2025/src/particle_filter' with build type 'ament_python'
[0.231s] Level 1:colcon.colcon_core.shell:create_environment_hook('particle_filter', 'ament_prefix_path')
[0.231s] INFO:colcon.colcon_core.shell:Creating environment hook '/home/william/WCHAS_UROP_2025/install/particle_filter/share/particle_filter/hook/ament_prefix_path.ps1'
[0.231s] INFO:colcon.colcon_core.shell:Creating environment descriptor '/home/william/WCHAS_UROP_2025/install/particle_filter/share/particle_filter/hook/ament_prefix_path.dsv'
[0.232s] INFO:colcon.colcon_core.shell:Creating environment hook '/home/william/WCHAS_UROP_2025/install/particle_filter/share/particle_filter/hook/ament_prefix_path.sh'
[0.232s] INFO:colcon.colcon_core.shell:Skip shell extension 'powershell' for command environment: Not usable outside of PowerShell
[0.232s] DEBUG:colcon.colcon_core.shell:Skip shell extension 'dsv' for command environment
[0.234s] INFO:colcon.colcon_ros.task.ament_python.build:Building ROS package in '/home/william/WCHAS_UROP_2025/src/project_tools' with build type 'ament_python'
[0.234s] Level 1:colcon.colcon_core.shell:create_environment_hook('project_tools', 'ament_prefix_path')
[0.235s] INFO:colcon.colcon_core.shell:Creating environment hook '/home/william/WCHAS_UROP_2025/install/project_tools/share/project_tools/hook/ament_prefix_path.ps1'
[0.235s] INFO:colcon.colcon_core.shell:Creating environment descriptor '/home/william/WCHAS_UROP_2025/install/project_tools/share/project_tools/hook/ament_prefix_path.dsv'
[0.235s] INFO:colcon.colcon_core.shell:Creating environment hook '/home/william/WCHAS_UROP_2025/install/project_tools/share/project_tools/hook/ament_prefix_path.sh'
[0.236s] INFO:colcon.colcon_core.shell:Skip shell extension 'powershell' for command environment: Not usable outside of PowerShell
[0.236s] DEBUG:colcon.colcon_core.shell:Skip shell extension 'dsv' for command environment
[0.238s] INFO:colcon.colcon_ros.task.ament_python.build:Building ROS package in '/home/william/WCHAS_UROP_2025/src/world_launching' with build type 'ament_python'
[0.238s] Level 1:colcon.colcon_core.shell:create_environment_hook('world_launching', 'ament_prefix_path')
[0.238s] INFO:colcon.colcon_core.shell:Creating environment hook '/home/william/WCHAS_UROP_2025/install/world_launching/share/world_launching/hook/ament_prefix_path.ps1'
[0.238s] INFO:colcon.colcon_core.shell:Creating environment descriptor '/home/william/WCHAS_UROP_2025/install/world_launching/share/world_launching/hook/ament_prefix_path.dsv'
[0.239s] INFO:colcon.colcon_core.shell:Creating environment hook '/home/william/WCHAS_UROP_2025/install/world_launching/share/world_launching/hook/ament_prefix_path.sh'
[0.239s] INFO:colcon.colcon_core.shell:Skip shell extension 'powershell' for command environment: Not usable outside of PowerShell
[0.239s] DEBUG:colcon.colcon_core.shell:Skip shell extension 'dsv' for command environment
[0.399s] INFO:colcon.colcon_core.task.python.build:Building Python package in '/home/william/WCHAS_UROP_2025/src/controllers'
[0.400s] INFO:colcon.colcon_core.shell:Skip shell extension 'powershell' for command environment: Not usable outside of PowerShell
[0.400s] DEBUG:colcon.colcon_core.shell:Skip shell extension 'dsv' for command environment
[0.554s] INFO:colcon.colcon_core.task.python.build:Building Python package in '/home/william/WCHAS_UROP_2025/src/particle_filter'
[0.554s] INFO:colcon.colcon_core.shell:Skip shell extension 'powershell' for command environment: Not usable outside of PowerShell
[0.555s] DEBUG:colcon.colcon_core.shell:Skip shell extension 'dsv' for command environment
[0.720s] INFO:colcon.colcon_core.task.python.build:Building Python package in '/home/william/WCHAS_UROP_2025/src/project_tools'
[0.721s] INFO:colcon.colcon_core.shell:Skip shell extension 'powershell' for command environment: Not usable outside of PowerShell
[0.721s] DEBUG:colcon.colcon_core.shell:Skip shell extension 'dsv' for command environment
[0.878s] INFO:colcon.colcon_core.task.python.build:Building Python package in '/home/william/WCHAS_UROP_2025/src/world_launching'
[0.878s] INFO:colcon.colcon_core.shell:Skip shell extension 'powershell' for command environment: Not usable outside of PowerShell
[0.878s] DEBUG:colcon.colcon_core.shell:Skip shell extension 'dsv' for command environment
[1.165s] DEBUG:colcon.colcon_core.event_handler.log_command:Invoking command in '/home/william/WCHAS_UROP_2025/src/particle_filter': PYTHONPATH=/home/william/WCHAS_UROP_2025/build/particle_filter/prefix_override:/usr/lib/python3/dist-packages/colcon_core/task/python/colcon_distutils_commands:/home/william/WCHAS_UROP_2025/install/particle_filter/lib/python3.10/site-packages:${PYTHONPATH} /usr/bin/python3 -W ignore:setup.py install is deprecated -W ignore:easy_install command is deprecated setup.py egg_info --egg-base ../../build/particle_filter build --build-base /home/william/WCHAS_UROP_2025/build/particle_filter/build install --record /home/william/WCHAS_UROP_2025/build/particle_filter/install.log --single-version-externally-managed install_data
[1.167s] DEBUG:colcon.colcon_core.event_handler.log_command:Invoking command in '/home/william/WCHAS_UROP_2025/src/controllers': PYTHONPATH=/home/william/WCHAS_UROP_2025/build/controllers/prefix_override:/usr/lib/python3/dist-packages/colcon_core/task/python/colcon_distutils_commands:/home/william/WCHAS_UROP_2025/install/controllers/lib/python3.10/site-packages:${PYTHONPATH} /usr/bin/python3 -W ignore:setup.py install is deprecated -W ignore:easy_install command is deprecated setup.py egg_info --egg-base ../../build/controllers build --build-base /home/william/WCHAS_UROP_2025/build/controllers/build install --record /home/william/WCHAS_UROP_2025/build/controllers/install.log --single-version-externally-managed install_data
[1.170s] DEBUG:colcon.colcon_core.event_handler.log_command:Invoking command in '/home/william/WCHAS_UROP_2025/src/world_launching': PYTHONPATH=/home/william/WCHAS_UROP_2025/build/world_launching/prefix_override:/usr/lib/python3/dist-packages/colcon_core/task/python/colcon_distutils_commands:/home/william/WCHAS_UROP_2025/install/world_launching/lib/python3.10/site-packages:${PYTHONPATH} /usr/bin/python3 -W ignore:setup.py install is deprecated -W ignore:easy_install command is deprecated setup.py egg_info --egg-base ../../build/world_launching build --build-base /home/william/WCHAS_UROP_2025/build/world_launching/build install --record /home/william/WCHAS_UROP_2025/build/world_launching/install.log --single-version-externally-managed install_data
[1.172s] DEBUG:colcon.colcon_core.event_handler.log_command:Invoking command in '/home/william/WCHAS_UROP_2025/src/project_tools': PYTHONPATH=/home/william/WCHAS_UROP_2025/build/project_tools/prefix_override:/usr/lib/python3/dist-packages/colcon_core/task/python/colcon_distutils_commands:/home/william/WCHAS_UROP_2025/install/project_tools/lib/python3.10/site-packages:${PYTHONPATH} /usr/bin/python3 -W ignore:setup.py install is deprecated -W ignore:easy_install command is deprecated setup.py egg_info --egg-base ../../build/project_tools build --build-base /home/william/WCHAS_UROP_2025/build/project_tools/build install --record /home/william/WCHAS_UROP_2025/build/project_tools/install.log --single-version-externally-managed install_data
[1.401s] DEBUG:colcon.colcon_core.event_handler.log_command:Invoked command in '/home/william/WCHAS_UROP_2025/src/controllers' returned '0': PYTHONPATH=/home/william/WCHAS_UROP_2025/build/controllers/prefix_override:/usr/lib/python3/dist-packages/colcon_core/task/python/colcon_distutils_commands:/home/william/WCHAS_UROP_2025/install/controllers/lib/python3.10/site-packages:${PYTHONPATH} /usr/bin/python3 -W ignore:setup.py install is deprecated -W ignore:easy_install command is deprecated setup.py egg_info --egg-base ../../build/controllers build --build-base /home/william/WCHAS_UROP_2025/build/controllers/build install --record /home/william/WCHAS_UROP_2025/build/controllers/install.log --single-version-externally-managed install_data
[1.404s] Level 1:colcon.colcon_core.environment:checking '/home/william/WCHAS_UROP_2025/install/controllers' for CMake module files
[1.404s] Level 1:colcon.colcon_core.environment:checking '/home/william/WCHAS_UROP_2025/install/controllers' for CMake config files
[1.405s] Level 1:colcon.colcon_core.environment:checking '/home/william/WCHAS_UROP_2025/install/controllers/lib'
[1.405s] Level 1:colcon.colcon_core.environment:checking '/home/william/WCHAS_UROP_2025/install/controllers/bin'
[1.405s] Level 1:colcon.colcon_core.environment:checking '/home/william/WCHAS_UROP_2025/install/controllers/lib/pkgconfig/controllers.pc'
[1.406s] Level 1:colcon.colcon_core.environment:checking '/home/william/WCHAS_UROP_2025/install/controllers/lib/python3.10/site-packages'
[1.406s] Level 1:colcon.colcon_core.shell:create_environment_hook('controllers', 'pythonpath')
[1.406s] INFO:colcon.colcon_core.shell:Creating environment hook '/home/william/WCHAS_UROP_2025/install/controllers/share/controllers/hook/pythonpath.ps1'
[1.407s] INFO:colcon.colcon_core.shell:Creating environment descriptor '/home/william/WCHAS_UROP_2025/install/controllers/share/controllers/hook/pythonpath.dsv'
[1.407s] INFO:colcon.colcon_core.shell:Creating environment hook '/home/william/WCHAS_UROP_2025/install/controllers/share/controllers/hook/pythonpath.sh'
[1.407s] Level 1:colcon.colcon_core.environment:checking '/home/william/WCHAS_UROP_2025/install/controllers/bin'
[1.408s] Level 1:colcon.colcon_core.environment:create_environment_scripts_only(controllers)
[1.408s] INFO:colcon.colcon_core.shell:Creating package script '/home/william/WCHAS_UROP_2025/install/controllers/share/controllers/package.ps1'
[1.409s] INFO:colcon.colcon_core.shell:Creating package descriptor '/home/william/WCHAS_UROP_2025/install/controllers/share/controllers/package.dsv'
[1.410s] INFO:colcon.colcon_core.shell:Creating package script '/home/william/WCHAS_UROP_2025/install/controllers/share/controllers/package.sh'
[1.411s] INFO:colcon.colcon_core.shell:Creating package script '/home/william/WCHAS_UROP_2025/install/controllers/share/controllers/package.bash'
[1.411s] INFO:colcon.colcon_core.shell:Creating package script '/home/william/WCHAS_UROP_2025/install/controllers/share/controllers/package.zsh'
[1.412s] Level 1:colcon.colcon_core.environment:create_file_with_runtime_dependencies(/home/william/WCHAS_UROP_2025/install/controllers/share/colcon-core/packages/controllers)
[1.413s] Level 1:colcon.colcon_core.environment:checking '/home/william/WCHAS_UROP_2025/install/world_launching' for CMake module files
[1.414s] DEBUG:colcon.colcon_core.event_handler.log_command:Invoked command in '/home/william/WCHAS_UROP_2025/src/world_launching' returned '0': PYTHONPATH=/home/william/WCHAS_UROP_2025/build/world_launching/prefix_override:/usr/lib/python3/dist-packages/colcon_core/task/python/colcon_distutils_commands:/home/william/WCHAS_UROP_2025/install/world_launching/lib/python3.10/site-packages:${PYTHONPATH} /usr/bin/python3 -W ignore:setup.py install is deprecated -W ignore:easy_install command is deprecated setup.py egg_info --egg-base ../../build/world_launching build --build-base /home/william/WCHAS_UROP_2025/build/world_launching/build install --record /home/william/WCHAS_UROP_2025/build/world_launching/install.log --single-version-externally-managed install_data
[1.414s] Level 1:colcon.colcon_core.environment:checking '/home/william/WCHAS_UROP_2025/install/world_launching' for CMake config files
[1.414s] Level 1:colcon.colcon_core.environment:checking '/home/william/WCHAS_UROP_2025/install/world_launching/lib'
[1.414s] Level 1:colcon.colcon_core.environment:checking '/home/william/WCHAS_UROP_2025/install/world_launching/bin'
[1.414s] Level 1:colcon.colcon_core.environment:checking '/home/william/WCHAS_UROP_2025/install/world_launching/lib/pkgconfig/world_launching.pc'
[1.415s] Level 1:colcon.colcon_core.environment:checking '/home/william/WCHAS_UROP_2025/install/world_launching/lib/python3.10/site-packages'
[1.415s] Level 1:colcon.colcon_core.shell:create_environment_hook('world_launching', 'pythonpath')
[1.415s] INFO:colcon.colcon_core.shell:Creating environment hook '/home/william/WCHAS_UROP_2025/install/world_launching/share/world_launching/hook/pythonpath.ps1'
[1.415s] INFO:colcon.colcon_core.shell:Creating environment descriptor '/home/william/WCHAS_UROP_2025/install/world_launching/share/world_launching/hook/pythonpath.dsv'
[1.415s] INFO:colcon.colcon_core.shell:Creating environment hook '/home/william/WCHAS_UROP_2025/install/world_launching/share/world_launching/hook/pythonpath.sh'
[1.416s] Level 1:colcon.colcon_core.environment:checking '/home/william/WCHAS_UROP_2025/install/world_launching/bin'
[1.416s] Level 1:colcon.colcon_core.environment:create_environment_scripts_only(world_launching)
[1.416s] INFO:colcon.colcon_core.shell:Creating package script '/home/william/WCHAS_UROP_2025/install/world_launching/share/world_launching/package.ps1'
[1.416s] INFO:colcon.colcon_core.shell:Creating package descriptor '/home/william/WCHAS_UROP_2025/install/world_launching/share/world_launching/package.dsv'
[1.416s] INFO:colcon.colcon_core.shell:Creating package script '/home/william/WCHAS_UROP_2025/install/world_launching/share/world_launching/package.sh'
[1.417s] INFO:colcon.colcon_core.shell:Creating package script '/home/william/WCHAS_UROP_2025/install/world_launching/share/world_launching/package.bash'
[1.417s] INFO:colcon.colcon_core.shell:Creating package script '/home/william/WCHAS_UROP_2025/install/world_launching/share/world_launching/package.zsh'
[1.417s] Level 1:colcon.colcon_core.environment:create_file_with_runtime_dependencies(/home/william/WCHAS_UROP_2025/install/world_launching/share/colcon-core/packages/world_launching)
[1.417s] Level 1:colcon.colcon_core.environment:checking '/home/william/WCHAS_UROP_2025/install/particle_filter' for CMake module files
[1.418s] Level 1:colcon.colcon_core.environment:checking '/home/william/WCHAS_UROP_2025/install/particle_filter' for CMake config files
[1.418s] DEBUG:colcon.colcon_core.event_handler.log_command:Invoked command in '/home/william/WCHAS_UROP_2025/src/particle_filter' returned '0': PYTHONPATH=/home/william/WCHAS_UROP_2025/build/particle_filter/prefix_override:/usr/lib/python3/dist-packages/colcon_core/task/python/colcon_distutils_commands:/home/william/WCHAS_UROP_2025/install/particle_filter/lib/python3.10/site-packages:${PYTHONPATH} /usr/bin/python3 -W ignore:setup.py install is deprecated -W ignore:easy_install command is deprecated setup.py egg_info --egg-base ../../build/particle_filter build --build-base /home/william/WCHAS_UROP_2025/build/particle_filter/build install --record /home/william/WCHAS_UROP_2025/build/particle_filter/install.log --single-version-externally-managed install_data
[1.418s] Level 1:colcon.colcon_core.environment:checking '/home/william/WCHAS_UROP_2025/install/particle_filter/lib'
[1.418s] Level 1:colcon.colcon_core.environment:checking '/home/william/WCHAS_UROP_2025/install/particle_filter/bin'
[1.418s] Level 1:colcon.colcon_core.environment:checking '/home/william/WCHAS_UROP_2025/install/particle_filter/lib/pkgconfig/particle_filter.pc'
[1.419s] Level 1:colcon.colcon_core.environment:checking '/home/william/WCHAS_UROP_2025/install/particle_filter/lib/python3.10/site-packages'
[1.419s] Level 1:colcon.colcon_core.shell:create_environment_hook('particle_filter', 'pythonpath')
[1.419s] INFO:colcon.colcon_core.shell:Creating environment hook '/home/william/WCHAS_UROP_2025/install/particle_filter/share/particle_filter/hook/pythonpath.ps1'
[1.419s] INFO:colcon.colcon_core.shell:Creating environment descriptor '/home/william/WCHAS_UROP_2025/install/particle_filter/share/particle_filter/hook/pythonpath.dsv'
[1.419s] INFO:colcon.colcon_core.shell:Creating environment hook '/home/william/WCHAS_UROP_2025/install/particle_filter/share/particle_filter/hook/pythonpath.sh'
[1.420s] Level 1:colcon.colcon_core.environment:checking '/home/william/WCHAS_UROP_2025/install/particle_filter/bin'
[1.420s] Level 1:colcon.colcon_core.environment:create_environment_scripts_only(particle_filter)
[1.420s] INFO:colcon.colcon_core.shell:Creating package script '/home/william/WCHAS_UROP_2025/install/particle_filter/share/particle_filter/package.ps1'
[1.420s] INFO:colcon.colcon_core.shell:Creating package descriptor '/home/william/WCHAS_UROP_2025/install/particle_filter/share/particle_filter/package.dsv'
[1.420s] INFO:colcon.colcon_core.shell:Creating package script '/home/william/WCHAS_UROP_2025/install/particle_filter/share/particle_filter/package.sh'
[1.420s] INFO:colcon.colcon_core.shell:Creating package script '/home/william/WCHAS_UROP_2025/install/particle_filter/share/particle_filter/package.bash'
[1.421s] INFO:colcon.colcon_core.shell:Creating package script '/home/william/WCHAS_UROP_2025/install/particle_filter/share/particle_filter/package.zsh'
[1.421s] Level 1:colcon.colcon_core.environment:create_file_with_runtime_dependencies(/home/william/WCHAS_UROP_2025/install/particle_filter/share/colcon-core/packages/particle_filter)
[1.421s] Level 1:colcon.colcon_core.environment:checking '/home/william/WCHAS_UROP_2025/install/project_tools' for CMake module files
[1.422s] DEBUG:colcon.colcon_core.event_handler.log_command:Invoked command in '/home/william/WCHAS_UROP_2025/src/project_tools' returned '0': PYTHONPATH=/home/william/WCHAS_UROP_2025/build/project_tools/prefix_override:/usr/lib/python3/dist-packages/colcon_core/task/python/colcon_distutils_commands:/home/william/WCHAS_UROP_2025/install/project_tools/lib/python3.10/site-packages:${PYTHONPATH} /usr/bin/python3 -W ignore:setup.py install is deprecated -W ignore:easy_install command is deprecated setup.py egg_info --egg-base ../../build/project_tools build --build-base /home/william/WCHAS_UROP_2025/build/project_tools/build install --record /home/william/WCHAS_UROP_2025/build/project_tools/install.log --single-version-externally-managed install_data
[1.422s] Level 1:colcon.colcon_core.environment:checking '/home/william/WCHAS_UROP_2025/install/project_tools' for CMake config files
[1.422s] Level 1:colcon.colcon_core.environment:checking '/home/william/WCHAS_UROP_2025/install/project_tools/lib'
[1.422s] Level 1:colcon.colcon_core.environment:checking '/home/william/WCHAS_UROP_2025/install/project_tools/bin'
[1.422s] Level 1:colcon.colcon_core.environment:checking '/home/william/WCHAS_UROP_2025/install/project_tools/lib/pkgconfig/project_tools.pc'
[1.422s] Level 1:colcon.colcon_core.environment:checking '/home/william/WCHAS_UROP_2025/install/project_tools/lib/python3.10/site-packages'
[1.422s] Level 1:colcon.colcon_core.shell:create_environment_hook('project_tools', 'pythonpath')
[1.423s] INFO:colcon.colcon_core.shell:Creating environment hook '/home/william/WCHAS_UROP_2025/install/project_tools/share/project_tools/hook/pythonpath.ps1'
[1.423s] INFO:colcon.colcon_core.shell:Creating environment descriptor '/home/william/WCHAS_UROP_2025/install/project_tools/share/project_tools/hook/pythonpath.dsv'
[1.423s] INFO:colcon.colcon_core.shell:Creating environment hook '/home/william/WCHAS_UROP_2025/install/project_tools/share/project_tools/hook/pythonpath.sh'
[1.423s] Level 1:colcon.colcon_core.environment:checking '/home/william/WCHAS_UROP_2025/install/project_tools/bin'
[1.423s] Level 1:colcon.colcon_core.environment:create_environment_scripts_only(project_tools)
[1.424s] INFO:colcon.colcon_core.shell:Creating package script '/home/william/WCHAS_UROP_2025/install/project_tools/share/project_tools/package.ps1'
[1.424s] INFO:colcon.colcon_core.shell:Creating package descriptor '/home/william/WCHAS_UROP_2025/install/project_tools/share/project_tools/package.dsv'
[1.424s] INFO:colcon.colcon_core.shell:Creating package script '/home/william/WCHAS_UROP_2025/install/project_tools/share/project_tools/package.sh'
[1.424s] INFO:colcon.colcon_core.shell:Creating package script '/home/william/WCHAS_UROP_2025/install/project_tools/share/project_tools/package.bash'
[1.424s] INFO:colcon.colcon_core.shell:Creating package script '/home/william/WCHAS_UROP_2025/install/project_tools/share/project_tools/package.zsh'
[1.425s] Level 1:colcon.colcon_core.environment:create_file_with_runtime_dependencies(/home/william/WCHAS_UROP_2025/install/project_tools/share/colcon-core/packages/project_tools)
[1.425s] DEBUG:colcon.colcon_parallel_executor.executor.parallel:closing loop
[1.425s] DEBUG:colcon.colcon_parallel_executor.executor.parallel:loop closed
[1.425s] DEBUG:colcon.colcon_parallel_executor.executor.parallel:run_until_complete finished with '0'
[1.425s] DEBUG:colcon.colcon_core.event_reactor:joining thread
[1.429s] INFO:colcon.colcon_core.plugin_system:Skipping extension 'colcon_notification.desktop_notification.terminal_notifier': Not used on non-Darwin systems
[1.429s] INFO:colcon.colcon_core.plugin_system:Skipping extension 'colcon_notification.desktop_notification.win32': Not used on non-Windows systems
[1.429s] INFO:colcon.colcon_notification.desktop_notification:Sending desktop notification using 'notify2'
[1.439s] DEBUG:colcon.colcon_core.event_reactor:joined thread
[1.439s] INFO:colcon.colcon_core.shell:Creating prefix script '/home/william/WCHAS_UROP_2025/install/local_setup.ps1'
[1.440s] INFO:colcon.colcon_core.shell:Creating prefix util module '/home/william/WCHAS_UROP_2025/install/_local_setup_util_ps1.py'
[1.441s] INFO:colcon.colcon_core.shell:Creating prefix chain script '/home/william/WCHAS_UROP_2025/install/setup.ps1'
[1.442s] INFO:colcon.colcon_core.shell:Creating prefix script '/home/william/WCHAS_UROP_2025/install/local_setup.sh'
[1.442s] INFO:colcon.colcon_core.shell:Creating prefix util module '/home/william/WCHAS_UROP_2025/install/_local_setup_util_sh.py'
[1.442s] INFO:colcon.colcon_core.shell:Creating prefix chain script '/home/william/WCHAS_UROP_2025/install/setup.sh'
[1.443s] INFO:colcon.colcon_core.shell:Creating prefix script '/home/william/WCHAS_UROP_2025/install/local_setup.bash'
[1.443s] INFO:colcon.colcon_core.shell:Creating prefix chain script '/home/william/WCHAS_UROP_2025/install/setup.bash'
[1.444s] INFO:colcon.colcon_core.shell:Creating prefix script '/home/william/WCHAS_UROP_2025/install/local_setup.zsh'
[1.444s] INFO:colcon.colcon_core.shell:Creating prefix chain script '/home/william/WCHAS_UROP_2025/install/setup.zsh'
