running egg_info
creating ../../build/world_launching/world_launching.egg-info
writing ../../build/world_launching/world_launching.egg-info/PKG-INFO
writing dependency_links to ../../build/world_launching/world_launching.egg-info/dependency_links.txt
writing entry points to ../../build/world_launching/world_launching.egg-info/entry_points.txt
writing requirements to ../../build/world_launching/world_launching.egg-info/requires.txt
writing top-level names to ../../build/world_launching/world_launching.egg-info/top_level.txt
writing manifest file '../../build/world_launching/world_launching.egg-info/SOURCES.txt'
reading manifest file '../../build/world_launching/world_launching.egg-info/SOURCES.txt'
writing manifest file '../../build/world_launching/world_launching.egg-info/SOURCES.txt'
running build
running build_py
creating /home/william/WCHAS_UROP_2025/build/world_launching/build
creating /home/william/WCHAS_UROP_2025/build/world_launching/build/lib
creating /home/william/WCHAS_UROP_2025/build/world_launching/build/lib/world_launching
copying world_launching/__init__.py -> /home/william/WCHAS_UROP_2025/build/world_launching/build/lib/world_launching
running install
running install_lib
creating /home/william/WCHAS_UROP_2025/install/world_launching/lib/python3.10/site-packages/world_launching
copying /home/william/WCHAS_UROP_2025/build/world_launching/build/lib/world_launching/__init__.py -> /home/william/WCHAS_UROP_2025/install/world_launching/lib/python3.10/site-packages/world_launching
byte-compiling /home/william/WCHAS_UROP_2025/install/world_launching/lib/python3.10/site-packages/world_launching/__init__.py to __init__.cpython-310.pyc
running install_data
creating /home/william/WCHAS_UROP_2025/install/world_launching/share/ament_index
creating /home/william/WCHAS_UROP_2025/install/world_launching/share/ament_index/resource_index
creating /home/william/WCHAS_UROP_2025/install/world_launching/share/ament_index/resource_index/packages
copying resource/world_launching -> /home/william/WCHAS_UROP_2025/install/world_launching/share/ament_index/resource_index/packages
copying package.xml -> /home/william/WCHAS_UROP_2025/install/world_launching/share/world_launching
creating /home/william/WCHAS_UROP_2025/install/world_launching/share/world_launching/launch
copying launch/tb3_sim.py -> /home/william/WCHAS_UROP_2025/install/world_launching/share/world_launching/launch
creating /home/william/WCHAS_UROP_2025/install/world_launching/share/world_launching/config
running install_egg_info
Copying ../../build/world_launching/world_launching.egg-info to /home/william/WCHAS_UROP_2025/install/world_launching/lib/python3.10/site-packages/world_launching-0.0.0-py3.10.egg-info
running install_scripts
writing list of installed files to '/home/william/WCHAS_UROP_2025/build/world_launching/install.log'
