[0.932s] Invoking command in '/home/william/WCHAS_UROP_2025/src/world_launching': PYTHONPATH=/home/william/WCHAS_UROP_2025/build/world_launching/prefix_override:/usr/lib/python3/dist-packages/colcon_core/task/python/colcon_distutils_commands:/home/william/WCHAS_UROP_2025/install/world_launching/lib/python3.10/site-packages:${PYTHONPATH} /usr/bin/python3 -W ignore:setup.py install is deprecated -W ignore:easy_install command is deprecated setup.py egg_info --egg-base ../../build/world_launching build --build-base /home/william/WCHAS_UROP_2025/build/world_launching/build install --record /home/william/WCHAS_UROP_2025/build/world_launching/install.log --single-version-externally-managed install_data
[1.118s] running egg_info
[1.118s] creating ../../build/world_launching/world_launching.egg-info
[1.118s] writing ../../build/world_launching/world_launching.egg-info/PKG-INFO
[1.119s] writing dependency_links to ../../build/world_launching/world_launching.egg-info/dependency_links.txt
[1.119s] writing entry points to ../../build/world_launching/world_launching.egg-info/entry_points.txt
[1.119s] writing requirements to ../../build/world_launching/world_launching.egg-info/requires.txt
[1.119s] writing top-level names to ../../build/world_launching/world_launching.egg-info/top_level.txt
[1.119s] writing manifest file '../../build/world_launching/world_launching.egg-info/SOURCES.txt'
[1.120s] reading manifest file '../../build/world_launching/world_launching.egg-info/SOURCES.txt'
[1.122s] writing manifest file '../../build/world_launching/world_launching.egg-info/SOURCES.txt'
[1.122s] running build
[1.122s] running build_py
[1.122s] creating /home/william/WCHAS_UROP_2025/build/world_launching/build
[1.122s] creating /home/william/WCHAS_UROP_2025/build/world_launching/build/lib
[1.122s] creating /home/william/WCHAS_UROP_2025/build/world_launching/build/lib/world_launching
[1.122s] copying world_launching/__init__.py -> /home/william/WCHAS_UROP_2025/build/world_launching/build/lib/world_launching
[1.123s] running install
[1.123s] running install_lib
[1.123s] creating /home/william/WCHAS_UROP_2025/install/world_launching/lib/python3.10/site-packages/world_launching
[1.123s] copying /home/william/WCHAS_UROP_2025/build/world_launching/build/lib/world_launching/__init__.py -> /home/william/WCHAS_UROP_2025/install/world_launching/lib/python3.10/site-packages/world_launching
[1.124s] byte-compiling /home/william/WCHAS_UROP_2025/install/world_launching/lib/python3.10/site-packages/world_launching/__init__.py to __init__.cpython-310.pyc
[1.124s] running install_data
[1.124s] creating /home/william/WCHAS_UROP_2025/install/world_launching/share/ament_index
[1.124s] creating /home/william/WCHAS_UROP_2025/install/world_launching/share/ament_index/resource_index
[1.124s] creating /home/william/WCHAS_UROP_2025/install/world_launching/share/ament_index/resource_index/packages
[1.124s] copying resource/world_launching -> /home/william/WCHAS_UROP_2025/install/world_launching/share/ament_index/resource_index/packages
[1.124s] copying package.xml -> /home/william/WCHAS_UROP_2025/install/world_launching/share/world_launching
[1.124s] creating /home/william/WCHAS_UROP_2025/install/world_launching/share/world_launching/launch
[1.124s] copying launch/tb3_sim.py -> /home/william/WCHAS_UROP_2025/install/world_launching/share/world_launching/launch
[1.124s] creating /home/william/WCHAS_UROP_2025/install/world_launching/share/world_launching/config
[1.124s] running install_egg_info
[1.126s] Copying ../../build/world_launching/world_launching.egg-info to /home/william/WCHAS_UROP_2025/install/world_launching/lib/python3.10/site-packages/world_launching-0.0.0-py3.10.egg-info
[1.126s] running install_scripts
[1.144s] writing list of installed files to '/home/william/WCHAS_UROP_2025/build/world_launching/install.log'
[1.176s] Invoked command in '/home/william/WCHAS_UROP_2025/src/world_launching' returned '0': PYTHONPATH=/home/william/WCHAS_UROP_2025/build/world_launching/prefix_override:/usr/lib/python3/dist-packages/colcon_core/task/python/colcon_distutils_commands:/home/william/WCHAS_UROP_2025/install/world_launching/lib/python3.10/site-packages:${PYTHONPATH} /usr/bin/python3 -W ignore:setup.py install is deprecated -W ignore:easy_install command is deprecated setup.py egg_info --egg-base ../../build/world_launching build --build-base /home/william/WCHAS_UROP_2025/build/world_launching/build install --record /home/william/WCHAS_UROP_2025/build/world_launching/install.log --single-version-externally-managed install_data
