[0.977s] Invoking command in '/home/william/WCHAS_UROP_2025/src/controllers': PYTHONPATH=/home/william/WCHAS_UROP_2025/build/controllers/prefix_override:/usr/lib/python3/dist-packages/colcon_core/task/python/colcon_distutils_commands:/home/william/WCHAS_UROP_2025/install/controllers/lib/python3.10/site-packages:${PYTHONPATH} /usr/bin/python3 -W ignore:setup.py install is deprecated -W ignore:easy_install command is deprecated setup.py egg_info --egg-base ../../build/controllers build --build-base /home/william/WCHAS_UROP_2025/build/controllers/build install --record /home/william/WCHAS_UROP_2025/build/controllers/install.log --single-version-externally-managed install_data
[1.172s] running egg_info
[1.173s] writing ../../build/controllers/controllers.egg-info/PKG-INFO
[1.173s] writing dependency_links to ../../build/controllers/controllers.egg-info/dependency_links.txt
[1.174s] writing entry points to ../../build/controllers/controllers.egg-info/entry_points.txt
[1.174s] writing requirements to ../../build/controllers/controllers.egg-info/requires.txt
[1.174s] writing top-level names to ../../build/controllers/controllers.egg-info/top_level.txt
[1.175s] reading manifest file '../../build/controllers/controllers.egg-info/SOURCES.txt'
[1.175s] writing manifest file '../../build/controllers/controllers.egg-info/SOURCES.txt'
[1.175s] running build
[1.175s] running build_py
[1.175s] running install
[1.176s] running install_lib
[1.176s] running install_data
[1.177s] running install_egg_info
[1.178s] removing '/home/william/WCHAS_UROP_2025/install/controllers/lib/python3.10/site-packages/controllers-0.0.0-py3.10.egg-info' (and everything under it)
[1.179s] Copying ../../build/controllers/controllers.egg-info to /home/william/WCHAS_UROP_2025/install/controllers/lib/python3.10/site-packages/controllers-0.0.0-py3.10.egg-info
[1.179s] running install_scripts
[1.197s] Installing mppi_controller script to /home/william/WCHAS_UROP_2025/install/controllers/lib/controllers
[1.198s] writing list of installed files to '/home/william/WCHAS_UROP_2025/build/controllers/install.log'
[1.230s] Invoked command in '/home/william/WCHAS_UROP_2025/src/controllers' returned '0': PYTHONPATH=/home/william/WCHAS_UROP_2025/build/controllers/prefix_override:/usr/lib/python3/dist-packages/colcon_core/task/python/colcon_distutils_commands:/home/william/WCHAS_UROP_2025/install/controllers/lib/python3.10/site-packages:${PYTHONPATH} /usr/bin/python3 -W ignore:setup.py install is deprecated -W ignore:easy_install command is deprecated setup.py egg_info --egg-base ../../build/controllers build --build-base /home/william/WCHAS_UROP_2025/build/controllers/build install --record /home/william/WCHAS_UROP_2025/build/controllers/install.log --single-version-externally-managed install_data
