[0.093s] DEBUG:colcon:Command line arguments: ['/usr/bin/colcon', 'build']
[0.093s] DEBUG:colcon:Parsed command line arguments: Namespace(log_base=None, log_level=None, verb_name='build', build_base='build', install_base='install', merge_install=False, symlink_install=False, test_result_base=None, continue_on_error=False, executor='parallel', parallel_workers=16, event_handlers=None, ignore_user_meta=False, metas=['./colcon.meta'], base_paths=['.'], packages_ignore=None, packages_ignore_regex=None, paths=None, packages_up_to=None, packages_up_to_regex=None, packages_above=None, packages_above_and_dependencies=None, packages_above_depth=None, packages_select_by_dep=None, packages_skip_by_dep=None, packages_skip_up_to=None, packages_select_build_failed=False, packages_skip_build_finished=False, packages_select_test_failures=False, packages_skip_test_passed=False, packages_select=None, packages_skip=None, packages_select_regex=None, packages_skip_regex=None, packages_start=None, packages_end=None, allow_overriding=[], cmake_args=None, cmake_target=None, cmake_target_skip_unavailable=False, cmake_clean_cache=False, cmake_clean_first=False, cmake_force_configure=False, ament_cmake_args=None, catkin_cmake_args=None, catkin_skip_building_tests=False, mixin_files=None, mixin=None, verb_parser=<colcon_mixin.mixin.mixin_argument.MixinArgumentDecorator object at 0x73fc27e5b2b0>, verb_extension=<colcon_core.verb.build.BuildVerb object at 0x73fc27fac130>, main=<bound method BuildVerb.main of <colcon_core.verb.build.BuildVerb object at 0x73fc27fac130>>, mixin_verb=('build',))
[0.229s] Level 1:colcon.colcon_core.package_discovery:discover_packages(colcon_meta) check parameters
[0.229s] Level 1:colcon.colcon_core.package_discovery:discover_packages(recursive) check parameters
[0.229s] Level 1:colcon.colcon_core.package_discovery:discover_packages(ignore) check parameters
[0.229s] Level 1:colcon.colcon_core.package_discovery:discover_packages(path) check parameters
[0.229s] Level 1:colcon.colcon_core.package_discovery:discover_packages(colcon_meta) discover
[0.230s] Level 1:colcon.colcon_core.package_discovery:discover_packages(recursive) discover
[0.230s] INFO:colcon.colcon_core.package_discovery:Crawling recursively for packages in '/home/william/WCHAS_UROP_2025'
[0.230s] Level 1:colcon.colcon_core.package_identification:_identify(.) by extensions ['ignore', 'ignore_ament_install']
[0.230s] Level 1:colcon.colcon_core.package_identification:_identify(.) by extension 'ignore'
[0.230s] Level 1:colcon.colcon_core.package_identification:_identify(.) by extension 'ignore_ament_install'
[0.230s] Level 1:colcon.colcon_core.package_identification:_identify(.) by extensions ['colcon_pkg']
[0.230s] Level 1:colcon.colcon_core.package_identification:_identify(.) by extension 'colcon_pkg'
[0.230s] Level 1:colcon.colcon_core.package_identification:_identify(.) by extensions ['colcon_meta']
[0.230s] Level 1:colcon.colcon_core.package_identification:_identify(.) by extension 'colcon_meta'
[0.230s] Level 1:colcon.colcon_core.package_identification:_identify(.) by extensions ['ros']
[0.230s] Level 1:colcon.colcon_core.package_identification:_identify(.) by extension 'ros'
[0.239s] Level 1:colcon.colcon_core.package_identification:_identify(.) by extensions ['cmake', 'python']
[0.239s] Level 1:colcon.colcon_core.package_identification:_identify(.) by extension 'cmake'
[0.239s] Level 1:colcon.colcon_core.package_identification:_identify(.) by extension 'python'
[0.239s] Level 1:colcon.colcon_core.package_identification:_identify(.) by extensions ['python_setup_py']
[0.239s] Level 1:colcon.colcon_core.package_identification:_identify(.) by extension 'python_setup_py'
[0.239s] Level 1:colcon.colcon_core.package_identification:_identify(build) by extensions ['ignore', 'ignore_ament_install']
[0.239s] Level 1:colcon.colcon_core.package_identification:_identify(build) by extension 'ignore'
[0.239s] Level 1:colcon.colcon_core.package_identification:_identify(build) ignored
[0.239s] Level 1:colcon.colcon_core.package_identification:_identify(config) by extensions ['ignore', 'ignore_ament_install']
[0.239s] Level 1:colcon.colcon_core.package_identification:_identify(config) by extension 'ignore'
[0.239s] Level 1:colcon.colcon_core.package_identification:_identify(config) by extension 'ignore_ament_install'
[0.239s] Level 1:colcon.colcon_core.package_identification:_identify(config) by extensions ['colcon_pkg']
[0.239s] Level 1:colcon.colcon_core.package_identification:_identify(config) by extension 'colcon_pkg'
[0.239s] Level 1:colcon.colcon_core.package_identification:_identify(config) by extensions ['colcon_meta']
[0.239s] Level 1:colcon.colcon_core.package_identification:_identify(config) by extension 'colcon_meta'
[0.239s] Level 1:colcon.colcon_core.package_identification:_identify(config) by extensions ['ros']
[0.239s] Level 1:colcon.colcon_core.package_identification:_identify(config) by extension 'ros'
[0.239s] Level 1:colcon.colcon_core.package_identification:_identify(config) by extensions ['cmake', 'python']
[0.239s] Level 1:colcon.colcon_core.package_identification:_identify(config) by extension 'cmake'
[0.239s] Level 1:colcon.colcon_core.package_identification:_identify(config) by extension 'python'
[0.239s] Level 1:colcon.colcon_core.package_identification:_identify(config) by extensions ['python_setup_py']
[0.239s] Level 1:colcon.colcon_core.package_identification:_identify(config) by extension 'python_setup_py'
[0.240s] Level 1:colcon.colcon_core.package_identification:_identify(install) by extensions ['ignore', 'ignore_ament_install']
[0.240s] Level 1:colcon.colcon_core.package_identification:_identify(install) by extension 'ignore'
[0.240s] Level 1:colcon.colcon_core.package_identification:_identify(install) ignored
[0.240s] Level 1:colcon.colcon_core.package_identification:_identify(log) by extensions ['ignore', 'ignore_ament_install']
[0.240s] Level 1:colcon.colcon_core.package_identification:_identify(log) by extension 'ignore'
[0.240s] Level 1:colcon.colcon_core.package_identification:_identify(log) ignored
[0.240s] Level 1:colcon.colcon_core.package_identification:_identify(src) by extensions ['ignore', 'ignore_ament_install']
[0.240s] Level 1:colcon.colcon_core.package_identification:_identify(src) by extension 'ignore'
[0.240s] Level 1:colcon.colcon_core.package_identification:_identify(src) by extension 'ignore_ament_install'
[0.240s] Level 1:colcon.colcon_core.package_identification:_identify(src) by extensions ['colcon_pkg']
[0.240s] Level 1:colcon.colcon_core.package_identification:_identify(src) by extension 'colcon_pkg'
[0.240s] Level 1:colcon.colcon_core.package_identification:_identify(src) by extensions ['colcon_meta']
[0.240s] Level 1:colcon.colcon_core.package_identification:_identify(src) by extension 'colcon_meta'
[0.240s] Level 1:colcon.colcon_core.package_identification:_identify(src) by extensions ['ros']
[0.240s] Level 1:colcon.colcon_core.package_identification:_identify(src) by extension 'ros'
[0.240s] Level 1:colcon.colcon_core.package_identification:_identify(src) by extensions ['cmake', 'python']
[0.240s] Level 1:colcon.colcon_core.package_identification:_identify(src) by extension 'cmake'
[0.240s] Level 1:colcon.colcon_core.package_identification:_identify(src) by extension 'python'
[0.240s] Level 1:colcon.colcon_core.package_identification:_identify(src) by extensions ['python_setup_py']
[0.240s] Level 1:colcon.colcon_core.package_identification:_identify(src) by extension 'python_setup_py'
[0.240s] Level 1:colcon.colcon_core.package_identification:_identify(src/controllers) by extensions ['ignore', 'ignore_ament_install']
[0.240s] Level 1:colcon.colcon_core.package_identification:_identify(src/controllers) by extension 'ignore'
[0.240s] Level 1:colcon.colcon_core.package_identification:_identify(src/controllers) by extension 'ignore_ament_install'
[0.240s] Level 1:colcon.colcon_core.package_identification:_identify(src/controllers) by extensions ['colcon_pkg']
[0.240s] Level 1:colcon.colcon_core.package_identification:_identify(src/controllers) by extension 'colcon_pkg'
[0.240s] Level 1:colcon.colcon_core.package_identification:_identify(src/controllers) by extensions ['colcon_meta']
[0.240s] Level 1:colcon.colcon_core.package_identification:_identify(src/controllers) by extension 'colcon_meta'
[0.241s] Level 1:colcon.colcon_core.package_identification:_identify(src/controllers) by extensions ['ros']
[0.241s] Level 1:colcon.colcon_core.package_identification:_identify(src/controllers) by extension 'ros'
[0.243s] DEBUG:colcon.colcon_core.package_identification:Package 'src/controllers' with type 'ros.ament_python' and name 'controllers'
[0.243s] Level 1:colcon.colcon_core.package_identification:_identify(src/particle_filter) by extensions ['ignore', 'ignore_ament_install']
[0.243s] Level 1:colcon.colcon_core.package_identification:_identify(src/particle_filter) by extension 'ignore'
[0.243s] Level 1:colcon.colcon_core.package_identification:_identify(src/particle_filter) by extension 'ignore_ament_install'
[0.244s] Level 1:colcon.colcon_core.package_identification:_identify(src/particle_filter) by extensions ['colcon_pkg']
[0.244s] Level 1:colcon.colcon_core.package_identification:_identify(src/particle_filter) by extension 'colcon_pkg'
[0.244s] Level 1:colcon.colcon_core.package_identification:_identify(src/particle_filter) by extensions ['colcon_meta']
[0.244s] Level 1:colcon.colcon_core.package_identification:_identify(src/particle_filter) by extension 'colcon_meta'
[0.244s] Level 1:colcon.colcon_core.package_identification:_identify(src/particle_filter) by extensions ['ros']
[0.244s] Level 1:colcon.colcon_core.package_identification:_identify(src/particle_filter) by extension 'ros'
[0.244s] DEBUG:colcon.colcon_core.package_identification:Package 'src/particle_filter' with type 'ros.ament_python' and name 'particle_filter'
[0.244s] Level 1:colcon.colcon_core.package_identification:_identify(src/project_tools) by extensions ['ignore', 'ignore_ament_install']
[0.244s] Level 1:colcon.colcon_core.package_identification:_identify(src/project_tools) by extension 'ignore'
[0.244s] Level 1:colcon.colcon_core.package_identification:_identify(src/project_tools) by extension 'ignore_ament_install'
[0.245s] Level 1:colcon.colcon_core.package_identification:_identify(src/project_tools) by extensions ['colcon_pkg']
[0.245s] Level 1:colcon.colcon_core.package_identification:_identify(src/project_tools) by extension 'colcon_pkg'
[0.245s] Level 1:colcon.colcon_core.package_identification:_identify(src/project_tools) by extensions ['colcon_meta']
[0.245s] Level 1:colcon.colcon_core.package_identification:_identify(src/project_tools) by extension 'colcon_meta'
[0.245s] Level 1:colcon.colcon_core.package_identification:_identify(src/project_tools) by extensions ['ros']
[0.245s] Level 1:colcon.colcon_core.package_identification:_identify(src/project_tools) by extension 'ros'
[0.245s] DEBUG:colcon.colcon_core.package_identification:Package 'src/project_tools' with type 'ros.ament_python' and name 'project_tools'
[0.245s] Level 1:colcon.colcon_core.package_identification:_identify(src/world_launching) by extensions ['ignore', 'ignore_ament_install']
[0.245s] Level 1:colcon.colcon_core.package_identification:_identify(src/world_launching) by extension 'ignore'
[0.246s] Level 1:colcon.colcon_core.package_identification:_identify(src/world_launching) by extension 'ignore_ament_install'
[0.246s] Level 1:colcon.colcon_core.package_identification:_identify(src/world_launching) by extensions ['colcon_pkg']
[0.246s] Level 1:colcon.colcon_core.package_identification:_identify(src/world_launching) by extension 'colcon_pkg'
[0.246s] Level 1:colcon.colcon_core.package_identification:_identify(src/world_launching) by extensions ['colcon_meta']
[0.246s] Level 1:colcon.colcon_core.package_identification:_identify(src/world_launching) by extension 'colcon_meta'
[0.246s] Level 1:colcon.colcon_core.package_identification:_identify(src/world_launching) by extensions ['ros']
[0.246s] Level 1:colcon.colcon_core.package_identification:_identify(src/world_launching) by extension 'ros'
[0.246s] DEBUG:colcon.colcon_core.package_identification:Package 'src/world_launching' with type 'ros.ament_python' and name 'world_launching'
[0.246s] Level 1:colcon.colcon_core.package_discovery:discover_packages(recursive) using defaults
[0.246s] Level 1:colcon.colcon_core.package_discovery:discover_packages(ignore) discover
[0.246s] Level 1:colcon.colcon_core.package_discovery:discover_packages(ignore) using defaults
[0.246s] Level 1:colcon.colcon_core.package_discovery:discover_packages(path) discover
[0.246s] Level 1:colcon.colcon_core.package_discovery:discover_packages(path) using defaults
[0.273s] Level 1:colcon.colcon_core.package_discovery:discover_packages(prefix_path) check parameters
[0.274s] Level 1:colcon.colcon_core.package_discovery:discover_packages(prefix_path) discover
[0.275s] DEBUG:colcon.colcon_installed_package_information.package_discovery:Found 4 installed packages in /home/william/WCHAS_UROP_2025/install
[0.277s] DEBUG:colcon.colcon_installed_package_information.package_discovery:Found 376 installed packages in /opt/ros/humble
[0.278s] Level 1:colcon.colcon_core.package_discovery:discover_packages(prefix_path) using defaults
[0.315s] Level 5:colcon.colcon_core.verb:set package 'controllers' build argument 'cmake_args' from command line to 'None'
[0.315s] Level 5:colcon.colcon_core.verb:set package 'controllers' build argument 'cmake_target' from command line to 'None'
[0.315s] Level 5:colcon.colcon_core.verb:set package 'controllers' build argument 'cmake_target_skip_unavailable' from command line to 'False'
[0.315s] Level 5:colcon.colcon_core.verb:set package 'controllers' build argument 'cmake_clean_cache' from command line to 'False'
[0.315s] Level 5:colcon.colcon_core.verb:set package 'controllers' build argument 'cmake_clean_first' from command line to 'False'
[0.315s] Level 5:colcon.colcon_core.verb:set package 'controllers' build argument 'cmake_force_configure' from command line to 'False'
[0.315s] Level 5:colcon.colcon_core.verb:set package 'controllers' build argument 'ament_cmake_args' from command line to 'None'
[0.315s] Level 5:colcon.colcon_core.verb:set package 'controllers' build argument 'catkin_cmake_args' from command line to 'None'
[0.315s] Level 5:colcon.colcon_core.verb:set package 'controllers' build argument 'catkin_skip_building_tests' from command line to 'False'
[0.315s] DEBUG:colcon.colcon_core.verb:Building package 'controllers' with the following arguments: {'ament_cmake_args': None, 'build_base': '/home/william/WCHAS_UROP_2025/build/controllers', 'catkin_cmake_args': None, 'catkin_skip_building_tests': False, 'cmake_args': None, 'cmake_clean_cache': False, 'cmake_clean_first': False, 'cmake_force_configure': False, 'cmake_target': None, 'cmake_target_skip_unavailable': False, 'install_base': '/home/william/WCHAS_UROP_2025/install/controllers', 'merge_install': False, 'path': '/home/william/WCHAS_UROP_2025/src/controllers', 'symlink_install': False, 'test_result_base': None}
[0.316s] Level 5:colcon.colcon_core.verb:set package 'particle_filter' build argument 'cmake_args' from command line to 'None'
[0.316s] Level 5:colcon.colcon_core.verb:set package 'particle_filter' build argument 'cmake_target' from command line to 'None'
[0.316s] Level 5:colcon.colcon_core.verb:set package 'particle_filter' build argument 'cmake_target_skip_unavailable' from command line to 'False'
[0.316s] Level 5:colcon.colcon_core.verb:set package 'particle_filter' build argument 'cmake_clean_cache' from command line to 'False'
[0.316s] Level 5:colcon.colcon_core.verb:set package 'particle_filter' build argument 'cmake_clean_first' from command line to 'False'
[0.316s] Level 5:colcon.colcon_core.verb:set package 'particle_filter' build argument 'cmake_force_configure' from command line to 'False'
[0.316s] Level 5:colcon.colcon_core.verb:set package 'particle_filter' build argument 'ament_cmake_args' from command line to 'None'
[0.316s] Level 5:colcon.colcon_core.verb:set package 'particle_filter' build argument 'catkin_cmake_args' from command line to 'None'
[0.316s] Level 5:colcon.colcon_core.verb:set package 'particle_filter' build argument 'catkin_skip_building_tests' from command line to 'False'
[0.316s] DEBUG:colcon.colcon_core.verb:Building package 'particle_filter' with the following arguments: {'ament_cmake_args': None, 'build_base': '/home/william/WCHAS_UROP_2025/build/particle_filter', 'catkin_cmake_args': None, 'catkin_skip_building_tests': False, 'cmake_args': None, 'cmake_clean_cache': False, 'cmake_clean_first': False, 'cmake_force_configure': False, 'cmake_target': None, 'cmake_target_skip_unavailable': False, 'install_base': '/home/william/WCHAS_UROP_2025/install/particle_filter', 'merge_install': False, 'path': '/home/william/WCHAS_UROP_2025/src/particle_filter', 'symlink_install': False, 'test_result_base': None}
[0.316s] Level 5:colcon.colcon_core.verb:set package 'project_tools' build argument 'cmake_args' from command line to 'None'
[0.316s] Level 5:colcon.colcon_core.verb:set package 'project_tools' build argument 'cmake_target' from command line to 'None'
[0.316s] Level 5:colcon.colcon_core.verb:set package 'project_tools' build argument 'cmake_target_skip_unavailable' from command line to 'False'
[0.316s] Level 5:colcon.colcon_core.verb:set package 'project_tools' build argument 'cmake_clean_cache' from command line to 'False'
[0.316s] Level 5:colcon.colcon_core.verb:set package 'project_tools' build argument 'cmake_clean_first' from command line to 'False'
[0.316s] Level 5:colcon.colcon_core.verb:set package 'project_tools' build argument 'cmake_force_configure' from command line to 'False'
[0.316s] Level 5:colcon.colcon_core.verb:set package 'project_tools' build argument 'ament_cmake_args' from command line to 'None'
[0.316s] Level 5:colcon.colcon_core.verb:set package 'project_tools' build argument 'catkin_cmake_args' from command line to 'None'
[0.316s] Level 5:colcon.colcon_core.verb:set package 'project_tools' build argument 'catkin_skip_building_tests' from command line to 'False'
[0.316s] DEBUG:colcon.colcon_core.verb:Building package 'project_tools' with the following arguments: {'ament_cmake_args': None, 'build_base': '/home/william/WCHAS_UROP_2025/build/project_tools', 'catkin_cmake_args': None, 'catkin_skip_building_tests': False, 'cmake_args': None, 'cmake_clean_cache': False, 'cmake_clean_first': False, 'cmake_force_configure': False, 'cmake_target': None, 'cmake_target_skip_unavailable': False, 'install_base': '/home/william/WCHAS_UROP_2025/install/project_tools', 'merge_install': False, 'path': '/home/william/WCHAS_UROP_2025/src/project_tools', 'symlink_install': False, 'test_result_base': None}
[0.316s] Level 5:colcon.colcon_core.verb:set package 'world_launching' build argument 'cmake_args' from command line to 'None'
[0.316s] Level 5:colcon.colcon_core.verb:set package 'world_launching' build argument 'cmake_target' from command line to 'None'
[0.317s] Level 5:colcon.colcon_core.verb:set package 'world_launching' build argument 'cmake_target_skip_unavailable' from command line to 'False'
[0.317s] Level 5:colcon.colcon_core.verb:set package 'world_launching' build argument 'cmake_clean_cache' from command line to 'False'
[0.317s] Level 5:colcon.colcon_core.verb:set package 'world_launching' build argument 'cmake_clean_first' from command line to 'False'
[0.317s] Level 5:colcon.colcon_core.verb:set package 'world_launching' build argument 'cmake_force_configure' from command line to 'False'
[0.317s] Level 5:colcon.colcon_core.verb:set package 'world_launching' build argument 'ament_cmake_args' from command line to 'None'
[0.317s] Level 5:colcon.colcon_core.verb:set package 'world_launching' build argument 'catkin_cmake_args' from command line to 'None'
[0.317s] Level 5:colcon.colcon_core.verb:set package 'world_launching' build argument 'catkin_skip_building_tests' from command line to 'False'
[0.317s] DEBUG:colcon.colcon_core.verb:Building package 'world_launching' with the following arguments: {'ament_cmake_args': None, 'build_base': '/home/william/WCHAS_UROP_2025/build/world_launching', 'catkin_cmake_args': None, 'catkin_skip_building_tests': False, 'cmake_args': None, 'cmake_clean_cache': False, 'cmake_clean_first': False, 'cmake_force_configure': False, 'cmake_target': None, 'cmake_target_skip_unavailable': False, 'install_base': '/home/william/WCHAS_UROP_2025/install/world_launching', 'merge_install': False, 'path': '/home/william/WCHAS_UROP_2025/src/world_launching', 'symlink_install': False, 'test_result_base': None}
[0.317s] INFO:colcon.colcon_core.executor:Executing jobs using 'parallel' executor
[0.318s] DEBUG:colcon.colcon_parallel_executor.executor.parallel:run_until_complete
[0.318s] INFO:colcon.colcon_ros.task.ament_python.build:Building ROS package in '/home/william/WCHAS_UROP_2025/src/controllers' with build type 'ament_python'
[0.318s] Level 1:colcon.colcon_core.shell:create_environment_hook('controllers', 'ament_prefix_path')
[0.321s] INFO:colcon.colcon_core.plugin_system:Skipping extension 'colcon_core.shell.bat': Not used on non-Windows systems
[0.321s] INFO:colcon.colcon_core.shell:Creating environment hook '/home/william/WCHAS_UROP_2025/install/controllers/share/controllers/hook/ament_prefix_path.ps1'
[0.322s] INFO:colcon.colcon_core.shell:Creating environment descriptor '/home/william/WCHAS_UROP_2025/install/controllers/share/controllers/hook/ament_prefix_path.dsv'
[0.322s] INFO:colcon.colcon_core.shell:Creating environment hook '/home/william/WCHAS_UROP_2025/install/controllers/share/controllers/hook/ament_prefix_path.sh'
[0.323s] INFO:colcon.colcon_core.shell:Skip shell extension 'powershell' for command environment: Not usable outside of PowerShell
[0.323s] DEBUG:colcon.colcon_core.shell:Skip shell extension 'dsv' for command environment
[0.326s] INFO:colcon.colcon_ros.task.ament_python.build:Building ROS package in '/home/william/WCHAS_UROP_2025/src/particle_filter' with build type 'ament_python'
[0.326s] Level 1:colcon.colcon_core.shell:create_environment_hook('particle_filter', 'ament_prefix_path')
[0.326s] INFO:colcon.colcon_core.shell:Creating environment hook '/home/william/WCHAS_UROP_2025/install/particle_filter/share/particle_filter/hook/ament_prefix_path.ps1'
[0.327s] INFO:colcon.colcon_core.shell:Creating environment descriptor '/home/william/WCHAS_UROP_2025/install/particle_filter/share/particle_filter/hook/ament_prefix_path.dsv'
[0.327s] INFO:colcon.colcon_core.shell:Creating environment hook '/home/william/WCHAS_UROP_2025/install/particle_filter/share/particle_filter/hook/ament_prefix_path.sh'
[0.327s] INFO:colcon.colcon_core.shell:Skip shell extension 'powershell' for command environment: Not usable outside of PowerShell
[0.328s] DEBUG:colcon.colcon_core.shell:Skip shell extension 'dsv' for command environment
[0.330s] INFO:colcon.colcon_ros.task.ament_python.build:Building ROS package in '/home/william/WCHAS_UROP_2025/src/project_tools' with build type 'ament_python'
[0.331s] Level 1:colcon.colcon_core.shell:create_environment_hook('project_tools', 'ament_prefix_path')
[0.331s] INFO:colcon.colcon_core.shell:Creating environment hook '/home/william/WCHAS_UROP_2025/install/project_tools/share/project_tools/hook/ament_prefix_path.ps1'
[0.331s] INFO:colcon.colcon_core.shell:Creating environment descriptor '/home/william/WCHAS_UROP_2025/install/project_tools/share/project_tools/hook/ament_prefix_path.dsv'
[0.331s] INFO:colcon.colcon_core.shell:Creating environment hook '/home/william/WCHAS_UROP_2025/install/project_tools/share/project_tools/hook/ament_prefix_path.sh'
[0.332s] INFO:colcon.colcon_core.shell:Skip shell extension 'powershell' for command environment: Not usable outside of PowerShell
[0.332s] DEBUG:colcon.colcon_core.shell:Skip shell extension 'dsv' for command environment
[0.335s] INFO:colcon.colcon_ros.task.ament_python.build:Building ROS package in '/home/william/WCHAS_UROP_2025/src/world_launching' with build type 'ament_python'
[0.335s] Level 1:colcon.colcon_core.shell:create_environment_hook('world_launching', 'ament_prefix_path')
[0.335s] INFO:colcon.colcon_core.shell:Creating environment hook '/home/william/WCHAS_UROP_2025/install/world_launching/share/world_launching/hook/ament_prefix_path.ps1'
[0.336s] INFO:colcon.colcon_core.shell:Creating environment descriptor '/home/william/WCHAS_UROP_2025/install/world_launching/share/world_launching/hook/ament_prefix_path.dsv'
[0.336s] INFO:colcon.colcon_core.shell:Creating environment hook '/home/william/WCHAS_UROP_2025/install/world_launching/share/world_launching/hook/ament_prefix_path.sh'
[0.336s] INFO:colcon.colcon_core.shell:Skip shell extension 'powershell' for command environment: Not usable outside of PowerShell
[0.336s] DEBUG:colcon.colcon_core.shell:Skip shell extension 'dsv' for command environment
[0.558s] INFO:colcon.colcon_core.task.python.build:Building Python package in '/home/william/WCHAS_UROP_2025/src/controllers'
[0.558s] INFO:colcon.colcon_core.shell:Skip shell extension 'powershell' for command environment: Not usable outside of PowerShell
[0.558s] DEBUG:colcon.colcon_core.shell:Skip shell extension 'dsv' for command environment
[0.796s] INFO:colcon.colcon_core.task.python.build:Building Python package in '/home/william/WCHAS_UROP_2025/src/particle_filter'
[0.797s] INFO:colcon.colcon_core.shell:Skip shell extension 'powershell' for command environment: Not usable outside of PowerShell
[0.797s] DEBUG:colcon.colcon_core.shell:Skip shell extension 'dsv' for command environment
[1.024s] INFO:colcon.colcon_core.task.python.build:Building Python package in '/home/william/WCHAS_UROP_2025/src/project_tools'
[1.024s] INFO:colcon.colcon_core.shell:Skip shell extension 'powershell' for command environment: Not usable outside of PowerShell
[1.024s] DEBUG:colcon.colcon_core.shell:Skip shell extension 'dsv' for command environment
[1.248s] INFO:colcon.colcon_core.task.python.build:Building Python package in '/home/william/WCHAS_UROP_2025/src/world_launching'
[1.249s] INFO:colcon.colcon_core.shell:Skip shell extension 'powershell' for command environment: Not usable outside of PowerShell
[1.249s] DEBUG:colcon.colcon_core.shell:Skip shell extension 'dsv' for command environment
[1.605s] DEBUG:colcon.colcon_core.event_handler.log_command:Invoking command in '/home/william/WCHAS_UROP_2025/src/controllers': PYTHONPATH=/home/william/WCHAS_UROP_2025/build/controllers/prefix_override:/usr/lib/python3/dist-packages/colcon_core/task/python/colcon_distutils_commands:/home/william/WCHAS_UROP_2025/install/controllers/lib/python3.10/site-packages:${PYTHONPATH} /usr/bin/python3 -W ignore:setup.py install is deprecated -W ignore:easy_install command is deprecated setup.py egg_info --egg-base ../../build/controllers build --build-base /home/william/WCHAS_UROP_2025/build/controllers/build install --record /home/william/WCHAS_UROP_2025/build/controllers/install.log --single-version-externally-managed install_data
[1.615s] DEBUG:colcon.colcon_core.event_handler.log_command:Invoking command in '/home/william/WCHAS_UROP_2025/src/particle_filter': PYTHONPATH=/home/william/WCHAS_UROP_2025/build/particle_filter/prefix_override:/usr/lib/python3/dist-packages/colcon_core/task/python/colcon_distutils_commands:/home/william/WCHAS_UROP_2025/install/particle_filter/lib/python3.10/site-packages:${PYTHONPATH} /usr/bin/python3 -W ignore:setup.py install is deprecated -W ignore:easy_install command is deprecated setup.py egg_info --egg-base ../../build/particle_filter build --build-base /home/william/WCHAS_UROP_2025/build/particle_filter/build install --record /home/william/WCHAS_UROP_2025/build/particle_filter/install.log --single-version-externally-managed install_data
[1.617s] DEBUG:colcon.colcon_core.event_handler.log_command:Invoking command in '/home/william/WCHAS_UROP_2025/src/project_tools': PYTHONPATH=/home/william/WCHAS_UROP_2025/build/project_tools/prefix_override:/usr/lib/python3/dist-packages/colcon_core/task/python/colcon_distutils_commands:/home/william/WCHAS_UROP_2025/install/project_tools/lib/python3.10/site-packages:${PYTHONPATH} /usr/bin/python3 -W ignore:setup.py install is deprecated -W ignore:easy_install command is deprecated setup.py egg_info --egg-base ../../build/project_tools build --build-base /home/william/WCHAS_UROP_2025/build/project_tools/build install --record /home/william/WCHAS_UROP_2025/build/project_tools/install.log --single-version-externally-managed install_data
[1.629s] DEBUG:colcon.colcon_core.event_handler.log_command:Invoking command in '/home/william/WCHAS_UROP_2025/src/world_launching': PYTHONPATH=/home/william/WCHAS_UROP_2025/build/world_launching/prefix_override:/usr/lib/python3/dist-packages/colcon_core/task/python/colcon_distutils_commands:/home/william/WCHAS_UROP_2025/install/world_launching/lib/python3.10/site-packages:${PYTHONPATH} /usr/bin/python3 -W ignore:setup.py install is deprecated -W ignore:easy_install command is deprecated setup.py egg_info --egg-base ../../build/world_launching build --build-base /home/william/WCHAS_UROP_2025/build/world_launching/build install --record /home/william/WCHAS_UROP_2025/build/world_launching/install.log --single-version-externally-managed install_data
[1.898s] DEBUG:colcon.colcon_core.event_handler.log_command:Invoked command in '/home/william/WCHAS_UROP_2025/src/controllers' returned '0': PYTHONPATH=/home/william/WCHAS_UROP_2025/build/controllers/prefix_override:/usr/lib/python3/dist-packages/colcon_core/task/python/colcon_distutils_commands:/home/william/WCHAS_UROP_2025/install/controllers/lib/python3.10/site-packages:${PYTHONPATH} /usr/bin/python3 -W ignore:setup.py install is deprecated -W ignore:easy_install command is deprecated setup.py egg_info --egg-base ../../build/controllers build --build-base /home/william/WCHAS_UROP_2025/build/controllers/build install --record /home/william/WCHAS_UROP_2025/build/controllers/install.log --single-version-externally-managed install_data
[1.900s] Level 1:colcon.colcon_core.environment:checking '/home/william/WCHAS_UROP_2025/install/controllers' for CMake module files
[1.900s] Level 1:colcon.colcon_core.environment:checking '/home/william/WCHAS_UROP_2025/install/controllers' for CMake config files
[1.901s] Level 1:colcon.colcon_core.environment:checking '/home/william/WCHAS_UROP_2025/install/controllers/lib'
[1.901s] Level 1:colcon.colcon_core.environment:checking '/home/william/WCHAS_UROP_2025/install/controllers/bin'
[1.901s] Level 1:colcon.colcon_core.environment:checking '/home/william/WCHAS_UROP_2025/install/controllers/lib/pkgconfig/controllers.pc'
[1.901s] Level 1:colcon.colcon_core.environment:checking '/home/william/WCHAS_UROP_2025/install/controllers/lib/python3.10/site-packages'
[1.902s] Level 1:colcon.colcon_core.shell:create_environment_hook('controllers', 'pythonpath')
[1.902s] INFO:colcon.colcon_core.shell:Creating environment hook '/home/william/WCHAS_UROP_2025/install/controllers/share/controllers/hook/pythonpath.ps1'
[1.903s] INFO:colcon.colcon_core.shell:Creating environment descriptor '/home/william/WCHAS_UROP_2025/install/controllers/share/controllers/hook/pythonpath.dsv'
[1.903s] INFO:colcon.colcon_core.shell:Creating environment hook '/home/william/WCHAS_UROP_2025/install/controllers/share/controllers/hook/pythonpath.sh'
[1.904s] Level 1:colcon.colcon_core.environment:checking '/home/william/WCHAS_UROP_2025/install/controllers/bin'
[1.904s] Level 1:colcon.colcon_core.environment:create_environment_scripts_only(controllers)
[1.904s] INFO:colcon.colcon_core.shell:Creating package script '/home/william/WCHAS_UROP_2025/install/controllers/share/controllers/package.ps1'
[1.905s] INFO:colcon.colcon_core.shell:Creating package descriptor '/home/william/WCHAS_UROP_2025/install/controllers/share/controllers/package.dsv'
[1.906s] INFO:colcon.colcon_core.shell:Creating package script '/home/william/WCHAS_UROP_2025/install/controllers/share/controllers/package.sh'
[1.906s] INFO:colcon.colcon_core.shell:Creating package script '/home/william/WCHAS_UROP_2025/install/controllers/share/controllers/package.bash'
[1.907s] INFO:colcon.colcon_core.shell:Creating package script '/home/william/WCHAS_UROP_2025/install/controllers/share/controllers/package.zsh'
[1.908s] Level 1:colcon.colcon_core.environment:create_file_with_runtime_dependencies(/home/william/WCHAS_UROP_2025/install/controllers/share/colcon-core/packages/controllers)
[1.910s] Level 1:colcon.colcon_core.environment:checking '/home/william/WCHAS_UROP_2025/install/project_tools' for CMake module files
[1.911s] DEBUG:colcon.colcon_core.event_handler.log_command:Invoked command in '/home/william/WCHAS_UROP_2025/src/project_tools' returned '0': PYTHONPATH=/home/william/WCHAS_UROP_2025/build/project_tools/prefix_override:/usr/lib/python3/dist-packages/colcon_core/task/python/colcon_distutils_commands:/home/william/WCHAS_UROP_2025/install/project_tools/lib/python3.10/site-packages:${PYTHONPATH} /usr/bin/python3 -W ignore:setup.py install is deprecated -W ignore:easy_install command is deprecated setup.py egg_info --egg-base ../../build/project_tools build --build-base /home/william/WCHAS_UROP_2025/build/project_tools/build install --record /home/william/WCHAS_UROP_2025/build/project_tools/install.log --single-version-externally-managed install_data
[1.911s] Level 1:colcon.colcon_core.environment:checking '/home/william/WCHAS_UROP_2025/install/project_tools' for CMake config files
[1.912s] Level 1:colcon.colcon_core.environment:checking '/home/william/WCHAS_UROP_2025/install/project_tools/lib'
[1.912s] Level 1:colcon.colcon_core.environment:checking '/home/william/WCHAS_UROP_2025/install/project_tools/bin'
[1.912s] Level 1:colcon.colcon_core.environment:checking '/home/william/WCHAS_UROP_2025/install/project_tools/lib/pkgconfig/project_tools.pc'
[1.912s] Level 1:colcon.colcon_core.environment:checking '/home/william/WCHAS_UROP_2025/install/project_tools/lib/python3.10/site-packages'
[1.912s] Level 1:colcon.colcon_core.shell:create_environment_hook('project_tools', 'pythonpath')
[1.912s] INFO:colcon.colcon_core.shell:Creating environment hook '/home/william/WCHAS_UROP_2025/install/project_tools/share/project_tools/hook/pythonpath.ps1'
[1.913s] INFO:colcon.colcon_core.shell:Creating environment descriptor '/home/william/WCHAS_UROP_2025/install/project_tools/share/project_tools/hook/pythonpath.dsv'
[1.913s] INFO:colcon.colcon_core.shell:Creating environment hook '/home/william/WCHAS_UROP_2025/install/project_tools/share/project_tools/hook/pythonpath.sh'
[1.914s] Level 1:colcon.colcon_core.environment:checking '/home/william/WCHAS_UROP_2025/install/project_tools/bin'
[1.914s] Level 1:colcon.colcon_core.environment:create_environment_scripts_only(project_tools)
[1.914s] INFO:colcon.colcon_core.shell:Creating package script '/home/william/WCHAS_UROP_2025/install/project_tools/share/project_tools/package.ps1'
[1.914s] INFO:colcon.colcon_core.shell:Creating package descriptor '/home/william/WCHAS_UROP_2025/install/project_tools/share/project_tools/package.dsv'
[1.915s] INFO:colcon.colcon_core.shell:Creating package script '/home/william/WCHAS_UROP_2025/install/project_tools/share/project_tools/package.sh'
[1.915s] INFO:colcon.colcon_core.shell:Creating package script '/home/william/WCHAS_UROP_2025/install/project_tools/share/project_tools/package.bash'
[1.915s] INFO:colcon.colcon_core.shell:Creating package script '/home/william/WCHAS_UROP_2025/install/project_tools/share/project_tools/package.zsh'
[1.916s] Level 1:colcon.colcon_core.environment:create_file_with_runtime_dependencies(/home/william/WCHAS_UROP_2025/install/project_tools/share/colcon-core/packages/project_tools)
[1.916s] Level 1:colcon.colcon_core.environment:checking '/home/william/WCHAS_UROP_2025/install/particle_filter' for CMake module files
[1.917s] Level 1:colcon.colcon_core.environment:checking '/home/william/WCHAS_UROP_2025/install/particle_filter' for CMake config files
[1.917s] DEBUG:colcon.colcon_core.event_handler.log_command:Invoked command in '/home/william/WCHAS_UROP_2025/src/particle_filter' returned '0': PYTHONPATH=/home/william/WCHAS_UROP_2025/build/particle_filter/prefix_override:/usr/lib/python3/dist-packages/colcon_core/task/python/colcon_distutils_commands:/home/william/WCHAS_UROP_2025/install/particle_filter/lib/python3.10/site-packages:${PYTHONPATH} /usr/bin/python3 -W ignore:setup.py install is deprecated -W ignore:easy_install command is deprecated setup.py egg_info --egg-base ../../build/particle_filter build --build-base /home/william/WCHAS_UROP_2025/build/particle_filter/build install --record /home/william/WCHAS_UROP_2025/build/particle_filter/install.log --single-version-externally-managed install_data
[1.917s] Level 1:colcon.colcon_core.environment:checking '/home/william/WCHAS_UROP_2025/install/particle_filter/lib'
[1.918s] Level 1:colcon.colcon_core.environment:checking '/home/william/WCHAS_UROP_2025/install/particle_filter/bin'
[1.918s] Level 1:colcon.colcon_core.environment:checking '/home/william/WCHAS_UROP_2025/install/particle_filter/lib/pkgconfig/particle_filter.pc'
[1.918s] Level 1:colcon.colcon_core.environment:checking '/home/william/WCHAS_UROP_2025/install/particle_filter/lib/python3.10/site-packages'
[1.918s] Level 1:colcon.colcon_core.shell:create_environment_hook('particle_filter', 'pythonpath')
[1.918s] INFO:colcon.colcon_core.shell:Creating environment hook '/home/william/WCHAS_UROP_2025/install/particle_filter/share/particle_filter/hook/pythonpath.ps1'
[1.918s] INFO:colcon.colcon_core.shell:Creating environment descriptor '/home/william/WCHAS_UROP_2025/install/particle_filter/share/particle_filter/hook/pythonpath.dsv'
[1.919s] INFO:colcon.colcon_core.shell:Creating environment hook '/home/william/WCHAS_UROP_2025/install/particle_filter/share/particle_filter/hook/pythonpath.sh'
[1.919s] Level 1:colcon.colcon_core.environment:checking '/home/william/WCHAS_UROP_2025/install/particle_filter/bin'
[1.919s] Level 1:colcon.colcon_core.environment:create_environment_scripts_only(particle_filter)
[1.919s] INFO:colcon.colcon_core.shell:Creating package script '/home/william/WCHAS_UROP_2025/install/particle_filter/share/particle_filter/package.ps1'
[1.920s] INFO:colcon.colcon_core.shell:Creating package descriptor '/home/william/WCHAS_UROP_2025/install/particle_filter/share/particle_filter/package.dsv'
[1.921s] INFO:colcon.colcon_core.shell:Creating package script '/home/william/WCHAS_UROP_2025/install/particle_filter/share/particle_filter/package.sh'
[1.921s] INFO:colcon.colcon_core.shell:Creating package script '/home/william/WCHAS_UROP_2025/install/particle_filter/share/particle_filter/package.bash'
[1.922s] INFO:colcon.colcon_core.shell:Creating package script '/home/william/WCHAS_UROP_2025/install/particle_filter/share/particle_filter/package.zsh'
[1.922s] Level 1:colcon.colcon_core.environment:create_file_with_runtime_dependencies(/home/william/WCHAS_UROP_2025/install/particle_filter/share/colcon-core/packages/particle_filter)
[1.923s] Level 1:colcon.colcon_core.environment:checking '/home/william/WCHAS_UROP_2025/install/world_launching' for CMake module files
[1.924s] DEBUG:colcon.colcon_core.event_handler.log_command:Invoked command in '/home/william/WCHAS_UROP_2025/src/world_launching' returned '0': PYTHONPATH=/home/william/WCHAS_UROP_2025/build/world_launching/prefix_override:/usr/lib/python3/dist-packages/colcon_core/task/python/colcon_distutils_commands:/home/william/WCHAS_UROP_2025/install/world_launching/lib/python3.10/site-packages:${PYTHONPATH} /usr/bin/python3 -W ignore:setup.py install is deprecated -W ignore:easy_install command is deprecated setup.py egg_info --egg-base ../../build/world_launching build --build-base /home/william/WCHAS_UROP_2025/build/world_launching/build install --record /home/william/WCHAS_UROP_2025/build/world_launching/install.log --single-version-externally-managed install_data
[1.924s] Level 1:colcon.colcon_core.environment:checking '/home/william/WCHAS_UROP_2025/install/world_launching' for CMake config files
[1.925s] Level 1:colcon.colcon_core.environment:checking '/home/william/WCHAS_UROP_2025/install/world_launching/lib'
[1.925s] Level 1:colcon.colcon_core.environment:checking '/home/william/WCHAS_UROP_2025/install/world_launching/bin'
[1.925s] Level 1:colcon.colcon_core.environment:checking '/home/william/WCHAS_UROP_2025/install/world_launching/lib/pkgconfig/world_launching.pc'
[1.925s] Level 1:colcon.colcon_core.environment:checking '/home/william/WCHAS_UROP_2025/install/world_launching/lib/python3.10/site-packages'
[1.925s] Level 1:colcon.colcon_core.shell:create_environment_hook('world_launching', 'pythonpath')
[1.926s] INFO:colcon.colcon_core.shell:Creating environment hook '/home/william/WCHAS_UROP_2025/install/world_launching/share/world_launching/hook/pythonpath.ps1'
[1.926s] INFO:colcon.colcon_core.shell:Creating environment descriptor '/home/william/WCHAS_UROP_2025/install/world_launching/share/world_launching/hook/pythonpath.dsv'
[1.926s] INFO:colcon.colcon_core.shell:Creating environment hook '/home/william/WCHAS_UROP_2025/install/world_launching/share/world_launching/hook/pythonpath.sh'
[1.927s] Level 1:colcon.colcon_core.environment:checking '/home/william/WCHAS_UROP_2025/install/world_launching/bin'
[1.927s] Level 1:colcon.colcon_core.environment:create_environment_scripts_only(world_launching)
[1.927s] INFO:colcon.colcon_core.shell:Creating package script '/home/william/WCHAS_UROP_2025/install/world_launching/share/world_launching/package.ps1'
[1.928s] INFO:colcon.colcon_core.shell:Creating package descriptor '/home/william/WCHAS_UROP_2025/install/world_launching/share/world_launching/package.dsv'
[1.928s] INFO:colcon.colcon_core.shell:Creating package script '/home/william/WCHAS_UROP_2025/install/world_launching/share/world_launching/package.sh'
[1.928s] INFO:colcon.colcon_core.shell:Creating package script '/home/william/WCHAS_UROP_2025/install/world_launching/share/world_launching/package.bash'
[1.928s] INFO:colcon.colcon_core.shell:Creating package script '/home/william/WCHAS_UROP_2025/install/world_launching/share/world_launching/package.zsh'
[1.929s] Level 1:colcon.colcon_core.environment:create_file_with_runtime_dependencies(/home/william/WCHAS_UROP_2025/install/world_launching/share/colcon-core/packages/world_launching)
[1.929s] DEBUG:colcon.colcon_parallel_executor.executor.parallel:closing loop
[1.929s] DEBUG:colcon.colcon_parallel_executor.executor.parallel:loop closed
[1.929s] DEBUG:colcon.colcon_parallel_executor.executor.parallel:run_until_complete finished with '0'
[1.929s] DEBUG:colcon.colcon_core.event_reactor:joining thread
[1.934s] INFO:colcon.colcon_core.plugin_system:Skipping extension 'colcon_notification.desktop_notification.terminal_notifier': Not used on non-Darwin systems
[1.934s] INFO:colcon.colcon_core.plugin_system:Skipping extension 'colcon_notification.desktop_notification.win32': Not used on non-Windows systems
[1.934s] INFO:colcon.colcon_notification.desktop_notification:Sending desktop notification using 'notify2'
[1.945s] DEBUG:colcon.colcon_core.event_reactor:joined thread
[1.946s] INFO:colcon.colcon_core.shell:Creating prefix script '/home/william/WCHAS_UROP_2025/install/local_setup.ps1'
[1.947s] INFO:colcon.colcon_core.shell:Creating prefix util module '/home/william/WCHAS_UROP_2025/install/_local_setup_util_ps1.py'
[1.948s] INFO:colcon.colcon_core.shell:Creating prefix chain script '/home/william/WCHAS_UROP_2025/install/setup.ps1'
[1.949s] INFO:colcon.colcon_core.shell:Creating prefix script '/home/william/WCHAS_UROP_2025/install/local_setup.sh'
[1.950s] INFO:colcon.colcon_core.shell:Creating prefix util module '/home/william/WCHAS_UROP_2025/install/_local_setup_util_sh.py'
[1.950s] INFO:colcon.colcon_core.shell:Creating prefix chain script '/home/william/WCHAS_UROP_2025/install/setup.sh'
[1.951s] INFO:colcon.colcon_core.shell:Creating prefix script '/home/william/WCHAS_UROP_2025/install/local_setup.bash'
[1.952s] INFO:colcon.colcon_core.shell:Creating prefix chain script '/home/william/WCHAS_UROP_2025/install/setup.bash'
[1.953s] INFO:colcon.colcon_core.shell:Creating prefix script '/home/william/WCHAS_UROP_2025/install/local_setup.zsh'
[1.953s] INFO:colcon.colcon_core.shell:Creating prefix chain script '/home/william/WCHAS_UROP_2025/install/setup.zsh'
