[0.996s] Invoking command in '/home/william/WCHAS_UROP_2025/src/project_tools': PYTHONPATH=/home/william/WCHAS_UROP_2025/build/project_tools/prefix_override:/usr/lib/python3/dist-packages/colcon_core/task/python/colcon_distutils_commands:/home/william/WCHAS_UROP_2025/install/project_tools/lib/python3.10/site-packages:${PYTHONPATH} /usr/bin/python3 -W ignore:setup.py install is deprecated -W ignore:easy_install command is deprecated setup.py egg_info --egg-base ../../build/project_tools build --build-base /home/william/WCHAS_UROP_2025/build/project_tools/build install --record /home/william/WCHAS_UROP_2025/build/project_tools/install.log --single-version-externally-managed install_data
[1.192s] running egg_info
[1.193s] writing ../../build/project_tools/project_tools.egg-info/PKG-INFO
[1.193s] writing dependency_links to ../../build/project_tools/project_tools.egg-info/dependency_links.txt
[1.193s] writing entry points to ../../build/project_tools/project_tools.egg-info/entry_points.txt
[1.193s] writing requirements to ../../build/project_tools/project_tools.egg-info/requires.txt
[1.193s] writing top-level names to ../../build/project_tools/project_tools.egg-info/top_level.txt
[1.194s] reading manifest file '../../build/project_tools/project_tools.egg-info/SOURCES.txt'
[1.196s] writing manifest file '../../build/project_tools/project_tools.egg-info/SOURCES.txt'
[1.196s] running build
[1.196s] running build_py
[1.197s] running install
[1.197s] running install_lib
[1.198s] running install_data
[1.198s] running install_egg_info
[1.199s] removing '/home/william/WCHAS_UROP_2025/install/project_tools/lib/python3.10/site-packages/project_tools-0.0.0-py3.10.egg-info' (and everything under it)
[1.200s] Copying ../../build/project_tools/project_tools.egg-info to /home/william/WCHAS_UROP_2025/install/project_tools/lib/python3.10/site-packages/project_tools-0.0.0-py3.10.egg-info
[1.200s] running install_scripts
[1.218s] Installing gazebo_model_tracker script to /home/william/WCHAS_UROP_2025/install/project_tools/lib/project_tools
[1.219s] Installing initial_pose_setter script to /home/william/WCHAS_UROP_2025/install/project_tools/lib/project_tools
[1.219s] Installing map_transformation_node script to /home/william/WCHAS_UROP_2025/install/project_tools/lib/project_tools
[1.219s] writing list of installed files to '/home/william/WCHAS_UROP_2025/build/project_tools/install.log'
[1.260s] Invoked command in '/home/william/WCHAS_UROP_2025/src/project_tools' returned '0': PYTHONPATH=/home/william/WCHAS_UROP_2025/build/project_tools/prefix_override:/usr/lib/python3/dist-packages/colcon_core/task/python/colcon_distutils_commands:/home/william/WCHAS_UROP_2025/install/project_tools/lib/python3.10/site-packages:${PYTHONPATH} /usr/bin/python3 -W ignore:setup.py install is deprecated -W ignore:easy_install command is deprecated setup.py egg_info --egg-base ../../build/project_tools build --build-base /home/william/WCHAS_UROP_2025/build/project_tools/build install --record /home/william/WCHAS_UROP_2025/build/project_tools/install.log --single-version-externally-managed install_data
